2025-02-10 15:06:48.8329 DEBUG Hosting starting
2025-02-10 15:06:49.7314 INFO User profile is available. Using 'C:\Users\Piyush\AppData\Local\ASP.NET\DataProtection-Keys' as key repository and Windows DPAPI to encrypt keys at rest.
2025-02-10 15:06:49.7609 DEBUG Starting host: rabbitmq://localhost/
2025-02-10 15:06:49.9019 DEBUG Reading data from file 'C:\Users\Piyush\AppData\Local\ASP.NET\DataProtection-Keys\key-afe6f747-7f71-4abe-94a0-25a79c544316.xml'.
2025-02-10 15:06:49.9126 DEBUG Connect: guest@localhost:5672/
2025-02-10 15:06:49.9126 DEBUG Found key {afe6f747-7f71-4abe-94a0-25a79c544316}.
2025-02-10 15:06:50.0293 DEBUG Considering key {afe6f747-7f71-4abe-94a0-25a79c544316} with expiration date 2025-05-07 05:22:43Z as default key.
2025-02-10 15:06:50.1909 DEBUG Forwarded activator type request from Microsoft.AspNetCore.DataProtection.XmlEncryption.DpapiXmlDecryptor, Microsoft.AspNetCore.DataProtection, Version=3.1.32.0, Culture=neutral, PublicKeyToken=adb9793829ddae60 to Microsoft.AspNetCore.DataProtection.XmlEncryption.DpapiXmlDecryptor, Microsoft.AspNetCore.DataProtection, Culture=neutral, PublicKeyToken=adb9793829ddae60
2025-02-10 15:06:50.1960 DEBUG Decrypting secret element using Windows DPAPI.
2025-02-10 15:06:50.1960 DEBUG Forwarded activator type request from Microsoft.AspNetCore.DataProtection.AuthenticatedEncryption.ConfigurationModel.AuthenticatedEncryptorDescriptorDeserializer, Microsoft.AspNetCore.DataProtection, Version=3.1.32.0, Culture=neutral, PublicKeyToken=adb9793829ddae60 to Microsoft.AspNetCore.DataProtection.AuthenticatedEncryption.ConfigurationModel.AuthenticatedEncryptorDescriptorDeserializer, Microsoft.AspNetCore.DataProtection, Culture=neutral, PublicKeyToken=adb9793829ddae60
2025-02-10 15:06:50.1960 DEBUG Opening CNG algorithm 'AES' from provider '(null)' with chaining mode CBC.
2025-02-10 15:06:50.2133 DEBUG Opening CNG algorithm 'SHA256' from provider '(null)' with HMAC.
2025-02-10 15:06:50.2364 DEBUG Using key {afe6f747-7f71-4abe-94a0-25a79c544316} as the default key.
2025-02-10 15:06:50.2364 DEBUG Key ring with default key {afe6f747-7f71-4abe-94a0-25a79c544316} was loaded during application startup.
2025-02-10 15:06:50.4354 DEBUG Connected: guest@localhost:5672/ (address: amqp://localhost:5672, local: 60980)
2025-02-10 15:06:50.9928 DEBUG Loaded hosting startup assembly FundooNotesApi
2025-02-10 15:06:50.9928 DEBUG Loaded hosting startup assembly Microsoft.AspNetCore.Watch.BrowserRefresh
2025-02-10 15:06:50.9928 DEBUG Loaded hosting startup assembly Microsoft.WebTools.BrowserLink.Net
2025-02-10 15:06:50.9928 INFO Application started. Press Ctrl+C to shut down.
2025-02-10 15:06:50.9928 INFO Hosting environment: Development
2025-02-10 15:06:50.9928 INFO Content root path: C:\Users\Piyush\Desktop\FundooNotesProject\FundooNotesApi
2025-02-10 15:06:50.9928 DEBUG Hosting started
2025-02-10 15:06:51.0610 DEBUG Connection ID "18302628895028936706" disconnecting.
2025-02-10 15:06:51.0942 INFO Request starting HTTP/2.0 GET https://localhost:44392/swagger/index.html  
2025-02-10 15:06:51.0942 INFO Request starting HTTP/2.0 GET https://localhost:44392/_framework/aspnetcore-browser-refresh.js  
2025-02-10 15:06:51.1266 ERROR Connection ID "18302628895028936706", Request ID "40000003-0002-fe00-b63f-84710c7967bb": An unhandled exception was thrown by the application.
2025-02-10 15:06:51.1266 INFO Request finished in 37.5487ms 0 application/javascript; charset=utf-8
2025-02-10 15:06:51.3831 DEBUG Wildcard detected, all requests with hosts will be allowed.
2025-02-10 15:06:51.3831 TRACE All hosts are allowed.
2025-02-10 15:06:51.5358 DEBUG AuthenticationScheme: Bearer was not authenticated.
2025-02-10 15:06:51.5909 DEBUG No candidates found for the request path '/swagger/index.html'
2025-02-10 15:06:51.5909 DEBUG Request did not match any endpoints
2025-02-10 15:06:51.6992 DEBUG Response markup is scheduled to include Browser Link script injection.
2025-02-10 15:06:51.6992 DEBUG Response markup is scheduled to include browser refresh script injection.
2025-02-10 15:06:51.7637 DEBUG Response markup was updated to include Browser Link script injection.
2025-02-10 15:06:51.7637 DEBUG Response markup was updated to include browser refresh script injection.
2025-02-10 15:06:51.7637 INFO Request finished in 678.4401ms 200 text/html;charset=utf-8
2025-02-10 15:06:51.7836 INFO Request starting HTTP/2.0 GET https://localhost:44392/_framework/aspnetcore-browser-refresh.js  
2025-02-10 15:06:51.7852 INFO Request starting HTTP/2.0 GET https://localhost:44392/_vs/browserLink  
2025-02-10 15:06:51.7852 INFO Request finished in 6.0956ms 200 application/javascript; charset=utf-8
2025-02-10 15:06:51.9001 INFO Request finished in 114.863ms 200 text/javascript; charset=UTF-8
2025-02-10 15:06:52.1062 INFO Request starting HTTP/2.0 GET https://localhost:44392/swagger/v1/swagger.json  
2025-02-10 15:06:52.1062 TRACE All hosts are allowed.
2025-02-10 15:06:52.1062 DEBUG AuthenticationScheme: Bearer was not authenticated.
2025-02-10 15:06:52.1163 DEBUG No candidates found for the request path '/swagger/v1/swagger.json'
2025-02-10 15:06:52.1163 DEBUG Request did not match any endpoints
2025-02-10 15:06:52.3802 INFO Request finished in 274.2782ms 200 application/json;charset=utf-8
2025-02-10 15:07:31.0776 INFO Request starting HTTP/2.0 POST https://localhost:44392/api/Users/Login application/json 62
2025-02-10 15:07:31.0776 TRACE All hosts are allowed.
2025-02-10 15:07:31.0905 DEBUG AuthenticationScheme: Bearer was not authenticated.
2025-02-10 15:07:31.1465 DEBUG 1 candidate(s) found for the request path '/api/Users/Login'
2025-02-10 15:07:31.1573 DEBUG Endpoint 'FundooNotesApi.Controllers.UsersController.Login (FundooNotesApi)' with route pattern 'api/Users/Login' is valid for the request path '/api/Users/Login'
2025-02-10 15:07:31.1573 DEBUG Request matched endpoint 'FundooNotesApi.Controllers.UsersController.Login (FundooNotesApi)'
2025-02-10 15:07:31.1655 DEBUG Static files was skipped as the request already matched an endpoint.
2025-02-10 15:07:31.1655 INFO Executing endpoint 'FundooNotesApi.Controllers.UsersController.Login (FundooNotesApi)'
2025-02-10 15:07:31.2025 DEBUG Registered model binder providers, in the following order: Microsoft.AspNetCore.Mvc.ModelBinding.Binders.BinderTypeModelBinderProvider, Microsoft.AspNetCore.Mvc.ModelBinding.Binders.ServicesModelBinderProvider, Microsoft.AspNetCore.Mvc.ModelBinding.Binders.BodyModelBinderProvider, Microsoft.AspNetCore.Mvc.ModelBinding.Binders.HeaderModelBinderProvider, Microsoft.AspNetCore.Mvc.ModelBinding.Binders.FloatingPointTypeModelBinderProvider, Microsoft.AspNetCore.Mvc.ModelBinding.Binders.EnumTypeModelBinderProvider, Microsoft.AspNetCore.Mvc.ModelBinding.Binders.SimpleTypeModelBinderProvider, Microsoft.AspNetCore.Mvc.ModelBinding.Binders.CancellationTokenModelBinderProvider, Microsoft.AspNetCore.Mvc.ModelBinding.Binders.ByteArrayModelBinderProvider, Microsoft.AspNetCore.Mvc.ModelBinding.Binders.FormFileModelBinderProvider, Microsoft.AspNetCore.Mvc.ModelBinding.Binders.FormCollectionModelBinderProvider, Microsoft.AspNetCore.Mvc.ModelBinding.Binders.KeyValuePairModelBinderProvider, Microsoft.AspNetCore.Mvc.ModelBinding.Binders.DictionaryModelBinderProvider, Microsoft.AspNetCore.Mvc.ModelBinding.Binders.ArrayModelBinderProvider, Microsoft.AspNetCore.Mvc.ModelBinding.Binders.CollectionModelBinderProvider, Microsoft.AspNetCore.Mvc.ModelBinding.Binders.ComplexTypeModelBinderProvider
2025-02-10 15:07:31.3143 INFO Route matched with {action = "Login", controller = "Users"}. Executing controller action with signature Microsoft.AspNetCore.Mvc.IActionResult Login(CommonLayer.Models.LoginModel) on controller FundooNotesApi.Controllers.UsersController (FundooNotesApi).
2025-02-10 15:07:31.3143 DEBUG Execution plan of authorization filters (in the following order): None
2025-02-10 15:07:31.3143 DEBUG Execution plan of resource filters (in the following order): None
2025-02-10 15:07:31.3213 DEBUG Execution plan of action filters (in the following order): Microsoft.AspNetCore.Mvc.ModelBinding.UnsupportedContentTypeFilter (Order: -3000), Microsoft.AspNetCore.Mvc.Infrastructure.ModelStateInvalidFilter (Order: -2000)
2025-02-10 15:07:31.3213 DEBUG Execution plan of exception filters (in the following order): None
2025-02-10 15:07:31.3213 DEBUG Execution plan of result filters (in the following order): Microsoft.AspNetCore.Mvc.Infrastructure.ClientErrorResultFilter (Order: -2000)
2025-02-10 15:07:31.3213 DEBUG Executing controller factory for controller FundooNotesApi.Controllers.UsersController (FundooNotesApi)
2025-02-10 15:07:31.8485 DEBUG An 'IServiceProvider' was created for internal use by Entity Framework.
2025-02-10 15:07:31.8995 DEBUG Executed controller factory for controller FundooNotesApi.Controllers.UsersController (FundooNotesApi)
2025-02-10 15:07:31.8995 DEBUG Attempting to bind parameter 'login' of type 'CommonLayer.Models.LoginModel' ...
2025-02-10 15:07:31.9204 DEBUG Attempting to bind parameter 'login' of type 'CommonLayer.Models.LoginModel' using the name '' in request data ...
2025-02-10 15:07:31.9204 DEBUG Selected input formatter 'Microsoft.AspNetCore.Mvc.Formatters.SystemTextJsonInputFormatter' for content type 'application/json'.
2025-02-10 15:07:31.9357 DEBUG JSON input formatter succeeded, deserializing to type 'CommonLayer.Models.LoginModel'
2025-02-10 15:07:31.9357 DEBUG Done attempting to bind parameter 'login' of type 'CommonLayer.Models.LoginModel'.
2025-02-10 15:07:31.9357 DEBUG Done attempting to bind parameter 'login' of type 'CommonLayer.Models.LoginModel'.
2025-02-10 15:07:31.9357 DEBUG Attempting to validate the bound parameter 'login' of type 'CommonLayer.Models.LoginModel' ...
2025-02-10 15:07:31.9357 DEBUG Done attempting to validate the bound parameter 'login' of type 'CommonLayer.Models.LoginModel'.
2025-02-10 15:07:31.9485 TRACE Action Filter: Before executing OnActionExecuting on filter Microsoft.AspNetCore.Mvc.ModelBinding.UnsupportedContentTypeFilter.
2025-02-10 15:07:31.9485 TRACE Action Filter: After executing OnActionExecuting on filter Microsoft.AspNetCore.Mvc.ModelBinding.UnsupportedContentTypeFilter.
2025-02-10 15:07:31.9485 TRACE Action Filter: Before executing OnActionExecuting on filter Microsoft.AspNetCore.Mvc.Infrastructure.ModelStateInvalidFilter.
2025-02-10 15:07:31.9485 TRACE Action Filter: After executing OnActionExecuting on filter Microsoft.AspNetCore.Mvc.Infrastructure.ModelStateInvalidFilter.
2025-02-10 15:07:31.9652 INFO Executing action method FundooNotesApi.Controllers.UsersController.Login (FundooNotesApi) - Validation state: Valid
2025-02-10 15:07:31.9652 TRACE Executing action method FundooNotesApi.Controllers.UsersController.Login (FundooNotesApi) with arguments (CommonLayer.Models.LoginModel)
2025-02-10 15:07:34.7787 INFO Entity Framework Core 3.1.0 initialized 'FundooDBContext' using provider 'Microsoft.EntityFrameworkCore.SqlServer' with options: None
2025-02-10 15:07:35.5881 DEBUG queryContext => new QueryingEnumerable<UserEntity>(
    (RelationalQueryContext)queryContext, 
    RelationalCommandCache, 
    null, 
    null, 
    Func<QueryContext, DbDataReader, ResultContext, int[], ResultCoordinator, UserEntity>, 
    RepositoryLayer.Context.FundooDBContext, 
    DiagnosticsLogger<Query>
)
    .SingleOrDefault()
2025-02-10 15:07:35.6554 DEBUG Creating DbCommand for 'ExecuteReader'.
2025-02-10 15:07:35.9478 DEBUG Created DbCommand for 'ExecuteReader' (287ms).
2025-02-10 15:07:35.9662 DEBUG Opening connection to database 'FundooNotesDB' on server 'LAPTOP-PIYUSH\SQLEXPRESS'.
2025-02-10 15:07:36.4396 DEBUG Opened connection to database 'FundooNotesDB' on server 'LAPTOP-PIYUSH\SQLEXPRESS'.
2025-02-10 15:07:36.4792 DEBUG Executing DbCommand [Parameters=[@__login_Email_0='?' (Size = 4000), @__encodedPassword_1='?' (Size = 4000)], CommandType='Text', CommandTimeout='30']
SELECT TOP(1) [u].[UserID], [u].[DOB], [u].[Email], [u].[FirstName], [u].[Gender], [u].[LastName], [u].[Password]
FROM [Users] AS [u]
WHERE ([u].[Email] = @__login_Email_0) AND ([u].[Password] = @__encodedPassword_1)
2025-02-10 15:07:36.6195 INFO Executed DbCommand (166ms) [Parameters=[@__login_Email_0='?' (Size = 4000), @__encodedPassword_1='?' (Size = 4000)], CommandType='Text', CommandTimeout='30']
SELECT TOP(1) [u].[UserID], [u].[DOB], [u].[Email], [u].[FirstName], [u].[Gender], [u].[LastName], [u].[Password]
FROM [Users] AS [u]
WHERE ([u].[Email] = @__login_Email_0) AND ([u].[Password] = @__encodedPassword_1)
2025-02-10 15:07:36.7231 DEBUG Context 'FundooDBContext' started tracking 'UserEntity' entity. Consider using 'DbContextOptionsBuilder.EnableSensitiveDataLogging' to see key values.
2025-02-10 15:07:36.7782 DEBUG A data reader was disposed.
2025-02-10 15:07:36.7848 DEBUG Closing connection to database 'FundooNotesDB' on server 'LAPTOP-PIYUSH\SQLEXPRESS'.
2025-02-10 15:07:36.7963 DEBUG Closed connection to database 'FundooNotesDB' on server 'LAPTOP-PIYUSH\SQLEXPRESS'.
2025-02-10 15:07:37.0663 INFO Executed action method FundooNotesApi.Controllers.UsersController.Login (FundooNotesApi), returned result Microsoft.AspNetCore.Mvc.OkObjectResult in 5092.2988ms.
2025-02-10 15:07:37.0663 TRACE Action Filter: Before executing OnActionExecuted on filter Microsoft.AspNetCore.Mvc.Infrastructure.ModelStateInvalidFilter.
2025-02-10 15:07:37.0663 TRACE Action Filter: After executing OnActionExecuted on filter Microsoft.AspNetCore.Mvc.Infrastructure.ModelStateInvalidFilter.
2025-02-10 15:07:37.0663 TRACE Action Filter: Before executing OnActionExecuted on filter Microsoft.AspNetCore.Mvc.ModelBinding.UnsupportedContentTypeFilter.
2025-02-10 15:07:37.0663 TRACE Action Filter: After executing OnActionExecuted on filter Microsoft.AspNetCore.Mvc.ModelBinding.UnsupportedContentTypeFilter.
2025-02-10 15:07:37.0663 TRACE Result Filter: Before executing OnResultExecuting on filter Microsoft.AspNetCore.Mvc.Infrastructure.ClientErrorResultFilter.
2025-02-10 15:07:37.0663 TRACE Result Filter: After executing OnResultExecuting on filter Microsoft.AspNetCore.Mvc.Infrastructure.ClientErrorResultFilter.
2025-02-10 15:07:37.0784 TRACE Before executing action result Microsoft.AspNetCore.Mvc.OkObjectResult.
2025-02-10 15:07:37.0822 DEBUG List of registered output formatters, in the following order: Microsoft.AspNetCore.Mvc.Formatters.HttpNoContentOutputFormatter, Microsoft.AspNetCore.Mvc.Formatters.StringOutputFormatter, Microsoft.AspNetCore.Mvc.Formatters.StreamOutputFormatter, Microsoft.AspNetCore.Mvc.Formatters.SystemTextJsonOutputFormatter
2025-02-10 15:07:37.0822 DEBUG No information found on request to perform content negotiation.
2025-02-10 15:07:37.0822 DEBUG Attempting to select an output formatter without using a content type as no explicit content types were specified for the response.
2025-02-10 15:07:37.0822 DEBUG Attempting to select the first formatter in the output formatters list which can write the result.
2025-02-10 15:07:37.0822 DEBUG Selected output formatter 'Microsoft.AspNetCore.Mvc.Formatters.SystemTextJsonOutputFormatter' and content type 'application/json' to write the response.
2025-02-10 15:07:37.0822 INFO Executing ObjectResult, writing value of type 'CommonLayer.Models.ResponseModel`1[[System.String, System.Private.CoreLib, Version=4.0.0.0, Culture=neutral, PublicKeyToken=7cec85d7bea7798e]]'.
2025-02-10 15:07:37.0999 TRACE After executing action result Microsoft.AspNetCore.Mvc.OkObjectResult.
2025-02-10 15:07:37.0999 TRACE Result Filter: Before executing OnResultExecuted on filter Microsoft.AspNetCore.Mvc.Infrastructure.ClientErrorResultFilter.
2025-02-10 15:07:37.0999 TRACE Result Filter: After executing OnResultExecuted on filter Microsoft.AspNetCore.Mvc.Infrastructure.ClientErrorResultFilter.
2025-02-10 15:07:37.0999 INFO Executed action FundooNotesApi.Controllers.UsersController.Login (FundooNotesApi) in 5777.2026ms
2025-02-10 15:07:37.0999 INFO Executed endpoint 'FundooNotesApi.Controllers.UsersController.Login (FundooNotesApi)'
2025-02-10 15:07:37.0999 DEBUG 'FundooDBContext' disposed.
2025-02-10 15:07:37.0999 INFO Request finished in 6044.1679ms 200 application/json; charset=utf-8
2025-02-10 15:08:25.6136 INFO Request starting HTTP/2.0 GET https://localhost:44392/api/Notes/FindAllNotes  
2025-02-10 15:08:25.6177 TRACE All hosts are allowed.
2025-02-10 15:08:25.7743 INFO Successfully validated the token.
2025-02-10 15:08:25.7743 DEBUG AuthenticationScheme: Bearer was successfully authenticated.
2025-02-10 15:08:25.7888 DEBUG 1 candidate(s) found for the request path '/api/Notes/FindAllNotes'
2025-02-10 15:08:25.7888 DEBUG Endpoint 'FundooNotesApi.Controllers.NotesController.FindAllNotes (FundooNotesApi)' with route pattern 'api/Notes/FindAllNotes' is valid for the request path '/api/Notes/FindAllNotes'
2025-02-10 15:08:25.7888 DEBUG Request matched endpoint 'FundooNotesApi.Controllers.NotesController.FindAllNotes (FundooNotesApi)'
2025-02-10 15:08:25.8067 DEBUG Static files was skipped as the request already matched an endpoint.
2025-02-10 15:08:25.8281 INFO Authorization was successful.
2025-02-10 15:08:25.8281 INFO Executing endpoint 'FundooNotesApi.Controllers.NotesController.FindAllNotes (FundooNotesApi)'
2025-02-10 15:08:25.8422 INFO Route matched with {action = "FindAllNotes", controller = "Notes"}. Executing controller action with signature Microsoft.AspNetCore.Mvc.IActionResult FindAllNotes() on controller FundooNotesApi.Controllers.NotesController (FundooNotesApi).
2025-02-10 15:08:25.8422 DEBUG Execution plan of authorization filters (in the following order): None
2025-02-10 15:08:25.8422 DEBUG Execution plan of resource filters (in the following order): None
2025-02-10 15:08:25.8422 DEBUG Execution plan of action filters (in the following order): Microsoft.AspNetCore.Mvc.ModelBinding.UnsupportedContentTypeFilter (Order: -3000), Microsoft.AspNetCore.Mvc.Infrastructure.ModelStateInvalidFilter (Order: -2000)
2025-02-10 15:08:25.8422 DEBUG Execution plan of exception filters (in the following order): None
2025-02-10 15:08:25.8422 DEBUG Execution plan of result filters (in the following order): Microsoft.AspNetCore.Mvc.Infrastructure.ClientErrorResultFilter (Order: -2000)
2025-02-10 15:08:25.8422 DEBUG Executing controller factory for controller FundooNotesApi.Controllers.NotesController (FundooNotesApi)
2025-02-10 15:08:25.8759 DEBUG Executed controller factory for controller FundooNotesApi.Controllers.NotesController (FundooNotesApi)
2025-02-10 15:08:25.8767 TRACE Action Filter: Before executing OnActionExecuting on filter Microsoft.AspNetCore.Mvc.ModelBinding.UnsupportedContentTypeFilter.
2025-02-10 15:08:25.8936 TRACE Action Filter: After executing OnActionExecuting on filter Microsoft.AspNetCore.Mvc.ModelBinding.UnsupportedContentTypeFilter.
2025-02-10 15:08:25.8976 TRACE Action Filter: Before executing OnActionExecuting on filter Microsoft.AspNetCore.Mvc.Infrastructure.ModelStateInvalidFilter.
2025-02-10 15:08:25.8976 TRACE Action Filter: After executing OnActionExecuting on filter Microsoft.AspNetCore.Mvc.Infrastructure.ModelStateInvalidFilter.
2025-02-10 15:08:25.9146 INFO Executing action method FundooNotesApi.Controllers.NotesController.FindAllNotes (FundooNotesApi) - Validation state: Valid
2025-02-10 15:08:25.9314 INFO FindAllNotes API called.
2025-02-10 15:08:25.9314 INFO Fetching all notes for UserID: 6
2025-02-10 15:08:26.0511 INFO Entity Framework Core 3.1.0 initialized 'FundooDBContext' using provider 'Microsoft.EntityFrameworkCore.SqlServer' with options: None
2025-02-10 15:08:26.0747 DEBUG queryContext => new QueryingEnumerable<NotesEntity>(
    (RelationalQueryContext)queryContext, 
    RelationalCommandCache, 
    null, 
    null, 
    Func<QueryContext, DbDataReader, ResultContext, int[], ResultCoordinator, NotesEntity>, 
    RepositoryLayer.Context.FundooDBContext, 
    DiagnosticsLogger<Query>
)
2025-02-10 15:08:26.0796 DEBUG Creating DbCommand for 'ExecuteReader'.
2025-02-10 15:08:26.0796 DEBUG Created DbCommand for 'ExecuteReader' (2ms).
2025-02-10 15:08:26.0850 DEBUG Opening connection to database 'FundooNotesDB' on server 'LAPTOP-PIYUSH\SQLEXPRESS'.
2025-02-10 15:08:26.0850 DEBUG Opened connection to database 'FundooNotesDB' on server 'LAPTOP-PIYUSH\SQLEXPRESS'.
2025-02-10 15:08:26.0850 DEBUG Executing DbCommand [Parameters=[@__UserId_0='?' (DbType = Int32)], CommandType='Text', CommandTimeout='30']
SELECT [n].[NotesId], [n].[Color], [n].[CreatedAt], [n].[Description], [n].[Image], [n].[IsArchive], [n].[IsPin], [n].[IsTrash], [n].[LastUpdatedAt], [n].[Remainder], [n].[Title], [n].[UserID]
FROM [Notes] AS [n]
WHERE [n].[UserID] = @__UserId_0
2025-02-10 15:08:26.1608 INFO Executed DbCommand (71ms) [Parameters=[@__UserId_0='?' (DbType = Int32)], CommandType='Text', CommandTimeout='30']
SELECT [n].[NotesId], [n].[Color], [n].[CreatedAt], [n].[Description], [n].[Image], [n].[IsArchive], [n].[IsPin], [n].[IsTrash], [n].[LastUpdatedAt], [n].[Remainder], [n].[Title], [n].[UserID]
FROM [Notes] AS [n]
WHERE [n].[UserID] = @__UserId_0
2025-02-10 15:08:26.1801 DEBUG Context 'FundooDBContext' started tracking 'NotesEntity' entity. Consider using 'DbContextOptionsBuilder.EnableSensitiveDataLogging' to see key values.
2025-02-10 15:08:26.1983 DEBUG Context 'FundooDBContext' started tracking 'NotesEntity' entity. Consider using 'DbContextOptionsBuilder.EnableSensitiveDataLogging' to see key values.
2025-02-10 15:08:26.1983 DEBUG Context 'FundooDBContext' started tracking 'NotesEntity' entity. Consider using 'DbContextOptionsBuilder.EnableSensitiveDataLogging' to see key values.
2025-02-10 15:08:26.1983 DEBUG A data reader was disposed.
2025-02-10 15:08:26.1983 DEBUG Closing connection to database 'FundooNotesDB' on server 'LAPTOP-PIYUSH\SQLEXPRESS'.
2025-02-10 15:08:26.1983 DEBUG Closed connection to database 'FundooNotesDB' on server 'LAPTOP-PIYUSH\SQLEXPRESS'.
2025-02-10 15:08:26.1983 INFO Successfully fetched 3 notes for UserID: 6
2025-02-10 15:08:26.1983 INFO Executed action method FundooNotesApi.Controllers.NotesController.FindAllNotes (FundooNotesApi), returned result Microsoft.AspNetCore.Mvc.OkObjectResult in 274.826ms.
2025-02-10 15:08:26.1983 TRACE Action Filter: Before executing OnActionExecuted on filter Microsoft.AspNetCore.Mvc.Infrastructure.ModelStateInvalidFilter.
2025-02-10 15:08:26.1983 TRACE Action Filter: After executing OnActionExecuted on filter Microsoft.AspNetCore.Mvc.Infrastructure.ModelStateInvalidFilter.
2025-02-10 15:08:26.1983 TRACE Action Filter: Before executing OnActionExecuted on filter Microsoft.AspNetCore.Mvc.ModelBinding.UnsupportedContentTypeFilter.
2025-02-10 15:08:26.1983 TRACE Action Filter: After executing OnActionExecuted on filter Microsoft.AspNetCore.Mvc.ModelBinding.UnsupportedContentTypeFilter.
2025-02-10 15:08:26.1983 TRACE Result Filter: Before executing OnResultExecuting on filter Microsoft.AspNetCore.Mvc.Infrastructure.ClientErrorResultFilter.
2025-02-10 15:08:26.1983 TRACE Result Filter: After executing OnResultExecuting on filter Microsoft.AspNetCore.Mvc.Infrastructure.ClientErrorResultFilter.
2025-02-10 15:08:26.1983 TRACE Before executing action result Microsoft.AspNetCore.Mvc.OkObjectResult.
2025-02-10 15:08:26.2090 DEBUG List of registered output formatters, in the following order: Microsoft.AspNetCore.Mvc.Formatters.HttpNoContentOutputFormatter, Microsoft.AspNetCore.Mvc.Formatters.StringOutputFormatter, Microsoft.AspNetCore.Mvc.Formatters.StreamOutputFormatter, Microsoft.AspNetCore.Mvc.Formatters.SystemTextJsonOutputFormatter
2025-02-10 15:08:26.2090 DEBUG No information found on request to perform content negotiation.
2025-02-10 15:08:26.2090 DEBUG Attempting to select an output formatter without using a content type as no explicit content types were specified for the response.
2025-02-10 15:08:26.2090 DEBUG Attempting to select the first formatter in the output formatters list which can write the result.
2025-02-10 15:08:26.2090 DEBUG Selected output formatter 'Microsoft.AspNetCore.Mvc.Formatters.SystemTextJsonOutputFormatter' and content type 'application/json' to write the response.
2025-02-10 15:08:26.2090 INFO Executing ObjectResult, writing value of type '<>f__AnonymousType1`3[[System.Boolean, System.Private.CoreLib, Version=4.0.0.0, Culture=neutral, PublicKeyToken=7cec85d7bea7798e],[System.String, System.Private.CoreLib, Version=4.0.0.0, Culture=neutral, PublicKeyToken=7cec85d7bea7798e],[System.Collections.Generic.List`1[[RepositoryLayer.Entities.NotesEntity, RepositoryLayer, Version=1.0.0.0, Culture=neutral, PublicKeyToken=null]], System.Private.CoreLib, Version=4.0.0.0, Culture=neutral, PublicKeyToken=7cec85d7bea7798e]]'.
2025-02-10 15:08:26.2266 TRACE After executing action result Microsoft.AspNetCore.Mvc.OkObjectResult.
2025-02-10 15:08:26.2266 TRACE Result Filter: Before executing OnResultExecuted on filter Microsoft.AspNetCore.Mvc.Infrastructure.ClientErrorResultFilter.
2025-02-10 15:08:26.2266 TRACE Result Filter: After executing OnResultExecuted on filter Microsoft.AspNetCore.Mvc.Infrastructure.ClientErrorResultFilter.
2025-02-10 15:08:26.2266 INFO Executed action FundooNotesApi.Controllers.NotesController.FindAllNotes (FundooNotesApi) in 379.976ms
2025-02-10 15:08:26.2266 INFO Executed endpoint 'FundooNotesApi.Controllers.NotesController.FindAllNotes (FundooNotesApi)'
2025-02-10 15:08:26.2266 DEBUG 'FundooDBContext' disposed.
2025-02-10 15:08:26.2266 INFO Request finished in 617.7925ms 200 application/json; charset=utf-8
2025-02-10 15:08:41.9266 INFO Request starting HTTP/2.0 GET https://localhost:44392/api/Notes/FindAllNotes  
2025-02-10 15:08:41.9266 TRACE All hosts are allowed.
2025-02-10 15:08:41.9266 DEBUG AuthenticationScheme: Bearer was not authenticated.
2025-02-10 15:08:41.9739 DEBUG 1 candidate(s) found for the request path '/api/Notes/FindAllNotes'
2025-02-10 15:08:41.9739 DEBUG Endpoint 'FundooNotesApi.Controllers.NotesController.FindAllNotes (FundooNotesApi)' with route pattern 'api/Notes/FindAllNotes' is valid for the request path '/api/Notes/FindAllNotes'
2025-02-10 15:08:41.9739 DEBUG Request matched endpoint 'FundooNotesApi.Controllers.NotesController.FindAllNotes (FundooNotesApi)'
2025-02-10 15:08:41.9739 DEBUG Static files was skipped as the request already matched an endpoint.
2025-02-10 15:08:41.9739 INFO Authorization failed.
2025-02-10 15:08:42.0022 INFO AuthenticationScheme: Bearer was challenged.
2025-02-10 15:08:42.0394 INFO Request finished in 112.7166ms 401 
2025-02-10 15:41:53.0940 DEBUG Hosting starting
2025-02-10 15:41:54.5109 INFO User profile is available. Using 'C:\Users\Piyush\AppData\Local\ASP.NET\DataProtection-Keys' as key repository and Windows DPAPI to encrypt keys at rest.
2025-02-10 15:41:54.5684 DEBUG Starting host: rabbitmq://localhost/
2025-02-10 15:41:54.9024 DEBUG Reading data from file 'C:\Users\Piyush\AppData\Local\ASP.NET\DataProtection-Keys\key-afe6f747-7f71-4abe-94a0-25a79c544316.xml'.
2025-02-10 15:41:54.9323 DEBUG Connect: guest@localhost:5672/
2025-02-10 15:41:54.9497 DEBUG Found key {afe6f747-7f71-4abe-94a0-25a79c544316}.
2025-02-10 15:41:55.2036 DEBUG Considering key {afe6f747-7f71-4abe-94a0-25a79c544316} with expiration date 2025-05-07 05:22:43Z as default key.
2025-02-10 15:41:55.5299 DEBUG Forwarded activator type request from Microsoft.AspNetCore.DataProtection.XmlEncryption.DpapiXmlDecryptor, Microsoft.AspNetCore.DataProtection, Version=3.1.32.0, Culture=neutral, PublicKeyToken=adb9793829ddae60 to Microsoft.AspNetCore.DataProtection.XmlEncryption.DpapiXmlDecryptor, Microsoft.AspNetCore.DataProtection, Culture=neutral, PublicKeyToken=adb9793829ddae60
2025-02-10 15:41:55.5869 DEBUG Decrypting secret element using Windows DPAPI.
2025-02-10 15:41:55.5869 DEBUG Forwarded activator type request from Microsoft.AspNetCore.DataProtection.AuthenticatedEncryption.ConfigurationModel.AuthenticatedEncryptorDescriptorDeserializer, Microsoft.AspNetCore.DataProtection, Version=3.1.32.0, Culture=neutral, PublicKeyToken=adb9793829ddae60 to Microsoft.AspNetCore.DataProtection.AuthenticatedEncryption.ConfigurationModel.AuthenticatedEncryptorDescriptorDeserializer, Microsoft.AspNetCore.DataProtection, Culture=neutral, PublicKeyToken=adb9793829ddae60
2025-02-10 15:41:55.6037 DEBUG Opening CNG algorithm 'AES' from provider '(null)' with chaining mode CBC.
2025-02-10 15:41:55.6037 DEBUG Opening CNG algorithm 'SHA256' from provider '(null)' with HMAC.
2025-02-10 15:41:55.6194 DEBUG Using key {afe6f747-7f71-4abe-94a0-25a79c544316} as the default key.
2025-02-10 15:41:55.6194 DEBUG Key ring with default key {afe6f747-7f71-4abe-94a0-25a79c544316} was loaded during application startup.
2025-02-10 15:41:55.8356 DEBUG Connected: guest@localhost:5672/ (address: amqp://localhost:5672, local: 61193)
2025-02-10 15:41:56.7519 DEBUG Loaded hosting startup assembly FundooNotesApi
2025-02-10 15:41:56.7711 DEBUG Loaded hosting startup assembly Microsoft.AspNetCore.Watch.BrowserRefresh
2025-02-10 15:41:56.7711 DEBUG Loaded hosting startup assembly Microsoft.WebTools.BrowserLink.Net
2025-02-10 15:41:56.8005 INFO Application started. Press Ctrl+C to shut down.
2025-02-10 15:41:56.8014 INFO Hosting environment: Development
2025-02-10 15:41:56.8014 INFO Content root path: C:\Users\Piyush\Desktop\FundooNotesProject\FundooNotesApi
2025-02-10 15:41:56.8231 DEBUG Hosting started
2025-02-10 15:41:56.8742 INFO Request starting HTTP/2.0 GET https://localhost:44392/swagger/index.html  
2025-02-10 15:41:56.8742 INFO Request starting HTTP/2.0 GET https://localhost:44392/_framework/aspnetcore-browser-refresh.js  
2025-02-10 15:41:56.9639 INFO Request finished in 92.281ms 200 application/javascript; charset=utf-8
2025-02-10 15:41:57.2051 DEBUG Wildcard detected, all requests with hosts will be allowed.
2025-02-10 15:41:57.2051 TRACE All hosts are allowed.
2025-02-10 15:41:57.4966 DEBUG AuthenticationScheme: Bearer was not authenticated.
2025-02-10 15:41:57.5704 DEBUG No candidates found for the request path '/swagger/index.html'
2025-02-10 15:41:57.5704 DEBUG Request did not match any endpoints
2025-02-10 15:41:57.7031 DEBUG Response markup is scheduled to include Browser Link script injection.
2025-02-10 15:41:57.7100 DEBUG Response markup is scheduled to include browser refresh script injection.
2025-02-10 15:41:57.7393 DEBUG Response markup was updated to include Browser Link script injection.
2025-02-10 15:41:57.7393 DEBUG Response markup was updated to include browser refresh script injection.
2025-02-10 15:41:57.7453 INFO Request finished in 875.0571ms 200 text/html;charset=utf-8
2025-02-10 15:41:57.7574 INFO Request starting HTTP/2.0 GET https://localhost:44392/_framework/aspnetcore-browser-refresh.js  
2025-02-10 15:41:57.7778 INFO Request starting HTTP/2.0 GET https://localhost:44392/_vs/browserLink  
2025-02-10 15:41:57.7778 INFO Request finished in 27.6794ms 200 application/javascript; charset=utf-8
2025-02-10 15:41:57.9225 INFO Request finished in 144.638ms 200 text/javascript; charset=UTF-8
2025-02-10 15:41:58.1423 INFO Request starting HTTP/2.0 GET https://localhost:44392/swagger/v1/swagger.json  
2025-02-10 15:41:58.1450 TRACE All hosts are allowed.
2025-02-10 15:41:58.1450 DEBUG AuthenticationScheme: Bearer was not authenticated.
2025-02-10 15:41:58.1450 DEBUG No candidates found for the request path '/swagger/v1/swagger.json'
2025-02-10 15:41:58.1450 DEBUG Request did not match any endpoints
2025-02-10 15:41:58.3592 INFO Request finished in 217.0944ms 200 application/json;charset=utf-8
2025-02-10 15:42:23.8272 INFO Request starting HTTP/2.0 POST https://localhost:44392/api/Users/Login application/json 62
2025-02-10 15:42:23.8345 TRACE All hosts are allowed.
2025-02-10 15:42:23.8345 DEBUG AuthenticationScheme: Bearer was not authenticated.
2025-02-10 15:42:23.8672 DEBUG 1 candidate(s) found for the request path '/api/Users/Login'
2025-02-10 15:42:23.8672 DEBUG Endpoint 'FundooNotesApi.Controllers.UsersController.Login (FundooNotesApi)' with route pattern 'api/Users/Login' is valid for the request path '/api/Users/Login'
2025-02-10 15:42:23.8816 DEBUG Request matched endpoint 'FundooNotesApi.Controllers.UsersController.Login (FundooNotesApi)'
2025-02-10 15:42:23.8816 DEBUG Static files was skipped as the request already matched an endpoint.
2025-02-10 15:42:23.8816 INFO Executing endpoint 'FundooNotesApi.Controllers.UsersController.Login (FundooNotesApi)'
2025-02-10 15:42:23.9250 DEBUG Registered model binder providers, in the following order: Microsoft.AspNetCore.Mvc.ModelBinding.Binders.BinderTypeModelBinderProvider, Microsoft.AspNetCore.Mvc.ModelBinding.Binders.ServicesModelBinderProvider, Microsoft.AspNetCore.Mvc.ModelBinding.Binders.BodyModelBinderProvider, Microsoft.AspNetCore.Mvc.ModelBinding.Binders.HeaderModelBinderProvider, Microsoft.AspNetCore.Mvc.ModelBinding.Binders.FloatingPointTypeModelBinderProvider, Microsoft.AspNetCore.Mvc.ModelBinding.Binders.EnumTypeModelBinderProvider, Microsoft.AspNetCore.Mvc.ModelBinding.Binders.SimpleTypeModelBinderProvider, Microsoft.AspNetCore.Mvc.ModelBinding.Binders.CancellationTokenModelBinderProvider, Microsoft.AspNetCore.Mvc.ModelBinding.Binders.ByteArrayModelBinderProvider, Microsoft.AspNetCore.Mvc.ModelBinding.Binders.FormFileModelBinderProvider, Microsoft.AspNetCore.Mvc.ModelBinding.Binders.FormCollectionModelBinderProvider, Microsoft.AspNetCore.Mvc.ModelBinding.Binders.KeyValuePairModelBinderProvider, Microsoft.AspNetCore.Mvc.ModelBinding.Binders.DictionaryModelBinderProvider, Microsoft.AspNetCore.Mvc.ModelBinding.Binders.ArrayModelBinderProvider, Microsoft.AspNetCore.Mvc.ModelBinding.Binders.CollectionModelBinderProvider, Microsoft.AspNetCore.Mvc.ModelBinding.Binders.ComplexTypeModelBinderProvider
2025-02-10 15:42:24.0362 INFO Route matched with {action = "Login", controller = "Users"}. Executing controller action with signature Microsoft.AspNetCore.Mvc.IActionResult Login(CommonLayer.Models.LoginModel) on controller FundooNotesApi.Controllers.UsersController (FundooNotesApi).
2025-02-10 15:42:24.0362 DEBUG Execution plan of authorization filters (in the following order): None
2025-02-10 15:42:24.0362 DEBUG Execution plan of resource filters (in the following order): None
2025-02-10 15:42:24.0362 DEBUG Execution plan of action filters (in the following order): Microsoft.AspNetCore.Mvc.ModelBinding.UnsupportedContentTypeFilter (Order: -3000), Microsoft.AspNetCore.Mvc.Infrastructure.ModelStateInvalidFilter (Order: -2000)
2025-02-10 15:42:24.0362 DEBUG Execution plan of exception filters (in the following order): None
2025-02-10 15:42:24.0362 DEBUG Execution plan of result filters (in the following order): Microsoft.AspNetCore.Mvc.Infrastructure.ClientErrorResultFilter (Order: -2000)
2025-02-10 15:42:24.0362 DEBUG Executing controller factory for controller FundooNotesApi.Controllers.UsersController (FundooNotesApi)
2025-02-10 15:42:24.6373 DEBUG An 'IServiceProvider' was created for internal use by Entity Framework.
2025-02-10 15:42:24.7298 DEBUG Executed controller factory for controller FundooNotesApi.Controllers.UsersController (FundooNotesApi)
2025-02-10 15:42:24.7578 DEBUG Attempting to bind parameter 'login' of type 'CommonLayer.Models.LoginModel' ...
2025-02-10 15:42:24.7713 DEBUG Attempting to bind parameter 'login' of type 'CommonLayer.Models.LoginModel' using the name '' in request data ...
2025-02-10 15:42:24.7713 DEBUG Selected input formatter 'Microsoft.AspNetCore.Mvc.Formatters.SystemTextJsonInputFormatter' for content type 'application/json'.
2025-02-10 15:42:24.8125 DEBUG JSON input formatter succeeded, deserializing to type 'CommonLayer.Models.LoginModel'
2025-02-10 15:42:24.8125 DEBUG Done attempting to bind parameter 'login' of type 'CommonLayer.Models.LoginModel'.
2025-02-10 15:42:24.8125 DEBUG Done attempting to bind parameter 'login' of type 'CommonLayer.Models.LoginModel'.
2025-02-10 15:42:24.8125 DEBUG Attempting to validate the bound parameter 'login' of type 'CommonLayer.Models.LoginModel' ...
2025-02-10 15:42:24.8332 DEBUG Done attempting to validate the bound parameter 'login' of type 'CommonLayer.Models.LoginModel'.
2025-02-10 15:42:24.8675 TRACE Action Filter: Before executing OnActionExecuting on filter Microsoft.AspNetCore.Mvc.ModelBinding.UnsupportedContentTypeFilter.
2025-02-10 15:42:24.8675 TRACE Action Filter: After executing OnActionExecuting on filter Microsoft.AspNetCore.Mvc.ModelBinding.UnsupportedContentTypeFilter.
2025-02-10 15:42:24.8675 TRACE Action Filter: Before executing OnActionExecuting on filter Microsoft.AspNetCore.Mvc.Infrastructure.ModelStateInvalidFilter.
2025-02-10 15:42:24.8675 TRACE Action Filter: After executing OnActionExecuting on filter Microsoft.AspNetCore.Mvc.Infrastructure.ModelStateInvalidFilter.
2025-02-10 15:42:24.8998 INFO Executing action method FundooNotesApi.Controllers.UsersController.Login (FundooNotesApi) - Validation state: Valid
2025-02-10 15:42:24.8998 TRACE Executing action method FundooNotesApi.Controllers.UsersController.Login (FundooNotesApi) with arguments (CommonLayer.Models.LoginModel)
2025-02-10 15:42:24.8998 INFO Login attempt for Email: piyushkumar41214@gmail.com
2025-02-10 15:42:27.5072 INFO Entity Framework Core 3.1.0 initialized 'FundooDBContext' using provider 'Microsoft.EntityFrameworkCore.SqlServer' with options: None
2025-02-10 15:42:28.2157 DEBUG queryContext => new QueryingEnumerable<UserEntity>(
    (RelationalQueryContext)queryContext, 
    RelationalCommandCache, 
    null, 
    null, 
    Func<QueryContext, DbDataReader, ResultContext, int[], ResultCoordinator, UserEntity>, 
    RepositoryLayer.Context.FundooDBContext, 
    DiagnosticsLogger<Query>
)
    .SingleOrDefault()
2025-02-10 15:42:28.2859 DEBUG Creating DbCommand for 'ExecuteReader'.
2025-02-10 15:42:28.6679 DEBUG Created DbCommand for 'ExecuteReader' (371ms).
2025-02-10 15:42:28.6921 DEBUG Opening connection to database 'FundooNotesDB' on server 'LAPTOP-PIYUSH\SQLEXPRESS'.
2025-02-10 15:42:29.4996 DEBUG Opened connection to database 'FundooNotesDB' on server 'LAPTOP-PIYUSH\SQLEXPRESS'.
2025-02-10 15:42:29.5569 DEBUG Executing DbCommand [Parameters=[@__login_Email_0='?' (Size = 4000), @__encodedPassword_1='?' (Size = 4000)], CommandType='Text', CommandTimeout='30']
SELECT TOP(1) [u].[UserID], [u].[DOB], [u].[Email], [u].[FirstName], [u].[Gender], [u].[LastName], [u].[Password]
FROM [Users] AS [u]
WHERE ([u].[Email] = @__login_Email_0) AND ([u].[Password] = @__encodedPassword_1)
2025-02-10 15:42:29.7731 INFO Executed DbCommand (258ms) [Parameters=[@__login_Email_0='?' (Size = 4000), @__encodedPassword_1='?' (Size = 4000)], CommandType='Text', CommandTimeout='30']
SELECT TOP(1) [u].[UserID], [u].[DOB], [u].[Email], [u].[FirstName], [u].[Gender], [u].[LastName], [u].[Password]
FROM [Users] AS [u]
WHERE ([u].[Email] = @__login_Email_0) AND ([u].[Password] = @__encodedPassword_1)
2025-02-10 15:42:29.9282 DEBUG Context 'FundooDBContext' started tracking 'UserEntity' entity. Consider using 'DbContextOptionsBuilder.EnableSensitiveDataLogging' to see key values.
2025-02-10 15:42:30.0704 DEBUG A data reader was disposed.
2025-02-10 15:42:30.0704 DEBUG Closing connection to database 'FundooNotesDB' on server 'LAPTOP-PIYUSH\SQLEXPRESS'.
2025-02-10 15:42:30.1087 DEBUG Closed connection to database 'FundooNotesDB' on server 'LAPTOP-PIYUSH\SQLEXPRESS'.
2025-02-10 15:42:30.6471 INFO User logged in successfully: piyushkumar41214@gmail.com
2025-02-10 15:42:30.6471 INFO Executed action method FundooNotesApi.Controllers.UsersController.Login (FundooNotesApi), returned result Microsoft.AspNetCore.Mvc.OkObjectResult in 5743.2257ms.
2025-02-10 15:42:30.6471 TRACE Action Filter: Before executing OnActionExecuted on filter Microsoft.AspNetCore.Mvc.Infrastructure.ModelStateInvalidFilter.
2025-02-10 15:42:30.6471 TRACE Action Filter: After executing OnActionExecuted on filter Microsoft.AspNetCore.Mvc.Infrastructure.ModelStateInvalidFilter.
2025-02-10 15:42:30.6471 TRACE Action Filter: Before executing OnActionExecuted on filter Microsoft.AspNetCore.Mvc.ModelBinding.UnsupportedContentTypeFilter.
2025-02-10 15:42:30.6471 TRACE Action Filter: After executing OnActionExecuted on filter Microsoft.AspNetCore.Mvc.ModelBinding.UnsupportedContentTypeFilter.
2025-02-10 15:42:30.6591 TRACE Result Filter: Before executing OnResultExecuting on filter Microsoft.AspNetCore.Mvc.Infrastructure.ClientErrorResultFilter.
2025-02-10 15:42:30.6591 TRACE Result Filter: After executing OnResultExecuting on filter Microsoft.AspNetCore.Mvc.Infrastructure.ClientErrorResultFilter.
2025-02-10 15:42:30.6623 TRACE Before executing action result Microsoft.AspNetCore.Mvc.OkObjectResult.
2025-02-10 15:42:30.6623 DEBUG List of registered output formatters, in the following order: Microsoft.AspNetCore.Mvc.Formatters.HttpNoContentOutputFormatter, Microsoft.AspNetCore.Mvc.Formatters.StringOutputFormatter, Microsoft.AspNetCore.Mvc.Formatters.StreamOutputFormatter, Microsoft.AspNetCore.Mvc.Formatters.SystemTextJsonOutputFormatter
2025-02-10 15:42:30.6623 DEBUG No information found on request to perform content negotiation.
2025-02-10 15:42:30.6623 DEBUG Attempting to select an output formatter without using a content type as no explicit content types were specified for the response.
2025-02-10 15:42:30.6623 DEBUG Attempting to select the first formatter in the output formatters list which can write the result.
2025-02-10 15:42:30.6623 DEBUG Selected output formatter 'Microsoft.AspNetCore.Mvc.Formatters.SystemTextJsonOutputFormatter' and content type 'application/json' to write the response.
2025-02-10 15:42:30.6623 INFO Executing ObjectResult, writing value of type 'CommonLayer.Models.ResponseModel`1[[System.String, System.Private.CoreLib, Version=4.0.0.0, Culture=neutral, PublicKeyToken=7cec85d7bea7798e]]'.
2025-02-10 15:42:30.6813 TRACE After executing action result Microsoft.AspNetCore.Mvc.OkObjectResult.
2025-02-10 15:42:30.6813 TRACE Result Filter: Before executing OnResultExecuted on filter Microsoft.AspNetCore.Mvc.Infrastructure.ClientErrorResultFilter.
2025-02-10 15:42:30.6813 TRACE Result Filter: After executing OnResultExecuted on filter Microsoft.AspNetCore.Mvc.Infrastructure.ClientErrorResultFilter.
2025-02-10 15:42:30.6813 INFO Executed action FundooNotesApi.Controllers.UsersController.Login (FundooNotesApi) in 6638.2955ms
2025-02-10 15:42:30.6920 INFO Executed endpoint 'FundooNotesApi.Controllers.UsersController.Login (FundooNotesApi)'
2025-02-10 15:42:30.6920 DEBUG 'FundooDBContext' disposed.
2025-02-10 15:42:30.6920 INFO Request finished in 6873.6536ms 200 application/json; charset=utf-8
2025-02-10 16:40:23.9502 DEBUG Hosting starting
2025-02-10 16:40:26.4235 INFO User profile is available. Using 'C:\Users\Piyush\AppData\Local\ASP.NET\DataProtection-Keys' as key repository and Windows DPAPI to encrypt keys at rest.
2025-02-10 16:40:26.4549 DEBUG Starting host: rabbitmq://localhost/
2025-02-10 16:40:26.6244 DEBUG Reading data from file 'C:\Users\Piyush\AppData\Local\ASP.NET\DataProtection-Keys\key-afe6f747-7f71-4abe-94a0-25a79c544316.xml'.
2025-02-10 16:40:26.6324 DEBUG Connect: guest@localhost:5672/
2025-02-10 16:40:26.6459 DEBUG Found key {afe6f747-7f71-4abe-94a0-25a79c544316}.
2025-02-10 16:40:26.7529 DEBUG Considering key {afe6f747-7f71-4abe-94a0-25a79c544316} with expiration date 2025-05-07 05:22:43Z as default key.
2025-02-10 16:40:26.9499 DEBUG Forwarded activator type request from Microsoft.AspNetCore.DataProtection.XmlEncryption.DpapiXmlDecryptor, Microsoft.AspNetCore.DataProtection, Version=3.1.32.0, Culture=neutral, PublicKeyToken=adb9793829ddae60 to Microsoft.AspNetCore.DataProtection.XmlEncryption.DpapiXmlDecryptor, Microsoft.AspNetCore.DataProtection, Culture=neutral, PublicKeyToken=adb9793829ddae60
2025-02-10 16:40:26.9857 DEBUG Decrypting secret element using Windows DPAPI.
2025-02-10 16:40:26.9929 DEBUG Forwarded activator type request from Microsoft.AspNetCore.DataProtection.AuthenticatedEncryption.ConfigurationModel.AuthenticatedEncryptorDescriptorDeserializer, Microsoft.AspNetCore.DataProtection, Version=3.1.32.0, Culture=neutral, PublicKeyToken=adb9793829ddae60 to Microsoft.AspNetCore.DataProtection.AuthenticatedEncryption.ConfigurationModel.AuthenticatedEncryptorDescriptorDeserializer, Microsoft.AspNetCore.DataProtection, Culture=neutral, PublicKeyToken=adb9793829ddae60
2025-02-10 16:40:27.0106 DEBUG Opening CNG algorithm 'AES' from provider '(null)' with chaining mode CBC.
2025-02-10 16:40:27.0242 DEBUG Opening CNG algorithm 'SHA256' from provider '(null)' with HMAC.
2025-02-10 16:40:27.0615 DEBUG Using key {afe6f747-7f71-4abe-94a0-25a79c544316} as the default key.
2025-02-10 16:40:27.0912 DEBUG Key ring with default key {afe6f747-7f71-4abe-94a0-25a79c544316} was loaded during application startup.
2025-02-10 16:40:27.3385 DEBUG Connected: guest@localhost:5672/ (address: amqp://localhost:5672, local: 61563)
2025-02-10 16:40:29.0141 DEBUG Loaded hosting startup assembly FundooNotesApi
2025-02-10 16:40:29.0141 DEBUG Loaded hosting startup assembly Microsoft.AspNetCore.Watch.BrowserRefresh
2025-02-10 16:40:29.0141 DEBUG Loaded hosting startup assembly Microsoft.WebTools.BrowserLink.Net
2025-02-10 16:40:29.0141 INFO Application started. Press Ctrl+C to shut down.
2025-02-10 16:40:29.0436 INFO Hosting environment: Development
2025-02-10 16:40:29.0436 INFO Content root path: C:\Users\Piyush\Desktop\FundooNotesProject\FundooNotesApi
2025-02-10 16:40:29.0436 DEBUG Hosting started
2025-02-10 16:40:29.1144 INFO Request starting HTTP/2.0 GET https://localhost:44392/swagger/index.html  
2025-02-10 16:40:29.4372 DEBUG Wildcard detected, all requests with hosts will be allowed.
2025-02-10 16:40:29.4372 TRACE All hosts are allowed.
2025-02-10 16:40:29.8964 DEBUG AuthenticationScheme: Bearer was not authenticated.
2025-02-10 16:40:30.0023 DEBUG No candidates found for the request path '/swagger/index.html'
2025-02-10 16:40:30.0023 DEBUG Request did not match any endpoints
2025-02-10 16:40:30.2515 DEBUG Response markup is scheduled to include Browser Link script injection.
2025-02-10 16:40:30.2649 DEBUG Response markup is scheduled to include browser refresh script injection.
2025-02-10 16:40:30.4297 DEBUG Response markup was updated to include Browser Link script injection.
2025-02-10 16:40:30.4297 DEBUG Response markup was updated to include browser refresh script injection.
2025-02-10 16:40:30.4297 INFO Request finished in 1328.7177ms 200 text/html;charset=utf-8
2025-02-10 16:40:30.4719 INFO Request starting HTTP/2.0 GET https://localhost:44392/_vs/browserLink  
2025-02-10 16:40:30.4719 INFO Request starting HTTP/2.0 GET https://localhost:44392/_framework/aspnetcore-browser-refresh.js  
2025-02-10 16:40:30.5206 INFO Request finished in 48.8275ms 200 application/javascript; charset=utf-8
2025-02-10 16:40:30.6227 INFO Request finished in 150.7917ms 200 text/javascript; charset=UTF-8
2025-02-10 16:40:30.9049 INFO Request starting HTTP/2.0 GET https://localhost:44392/swagger/v1/swagger.json  
2025-02-10 16:40:30.9122 TRACE All hosts are allowed.
2025-02-10 16:40:30.9122 DEBUG AuthenticationScheme: Bearer was not authenticated.
2025-02-10 16:40:30.9338 DEBUG No candidates found for the request path '/swagger/v1/swagger.json'
2025-02-10 16:40:30.9338 DEBUG Request did not match any endpoints
2025-02-10 16:40:31.2264 INFO Request finished in 322.3038ms 200 application/json;charset=utf-8
2025-02-10 16:42:33.5818 INFO Request starting HTTP/2.0 POST https://localhost:44392/api/Users/Login application/json 62
2025-02-10 16:42:33.5818 TRACE All hosts are allowed.
2025-02-10 16:42:33.5881 DEBUG AuthenticationScheme: Bearer was not authenticated.
2025-02-10 16:42:33.6139 DEBUG 1 candidate(s) found for the request path '/api/Users/Login'
2025-02-10 16:42:33.6203 DEBUG Endpoint 'FundooNotesApi.Controllers.UsersController.Login (FundooNotesApi)' with route pattern 'api/Users/Login' is valid for the request path '/api/Users/Login'
2025-02-10 16:42:33.6203 DEBUG Request matched endpoint 'FundooNotesApi.Controllers.UsersController.Login (FundooNotesApi)'
2025-02-10 16:42:33.6203 DEBUG Static files was skipped as the request already matched an endpoint.
2025-02-10 16:42:33.6203 INFO Executing endpoint 'FundooNotesApi.Controllers.UsersController.Login (FundooNotesApi)'
2025-02-10 16:42:33.6464 DEBUG Registered model binder providers, in the following order: Microsoft.AspNetCore.Mvc.ModelBinding.Binders.BinderTypeModelBinderProvider, Microsoft.AspNetCore.Mvc.ModelBinding.Binders.ServicesModelBinderProvider, Microsoft.AspNetCore.Mvc.ModelBinding.Binders.BodyModelBinderProvider, Microsoft.AspNetCore.Mvc.ModelBinding.Binders.HeaderModelBinderProvider, Microsoft.AspNetCore.Mvc.ModelBinding.Binders.FloatingPointTypeModelBinderProvider, Microsoft.AspNetCore.Mvc.ModelBinding.Binders.EnumTypeModelBinderProvider, Microsoft.AspNetCore.Mvc.ModelBinding.Binders.SimpleTypeModelBinderProvider, Microsoft.AspNetCore.Mvc.ModelBinding.Binders.CancellationTokenModelBinderProvider, Microsoft.AspNetCore.Mvc.ModelBinding.Binders.ByteArrayModelBinderProvider, Microsoft.AspNetCore.Mvc.ModelBinding.Binders.FormFileModelBinderProvider, Microsoft.AspNetCore.Mvc.ModelBinding.Binders.FormCollectionModelBinderProvider, Microsoft.AspNetCore.Mvc.ModelBinding.Binders.KeyValuePairModelBinderProvider, Microsoft.AspNetCore.Mvc.ModelBinding.Binders.DictionaryModelBinderProvider, Microsoft.AspNetCore.Mvc.ModelBinding.Binders.ArrayModelBinderProvider, Microsoft.AspNetCore.Mvc.ModelBinding.Binders.CollectionModelBinderProvider, Microsoft.AspNetCore.Mvc.ModelBinding.Binders.ComplexTypeModelBinderProvider
2025-02-10 16:42:33.7129 INFO Route matched with {action = "Login", controller = "Users"}. Executing controller action with signature Microsoft.AspNetCore.Mvc.IActionResult Login(CommonLayer.Models.LoginModel) on controller FundooNotesApi.Controllers.UsersController (FundooNotesApi).
2025-02-10 16:42:33.7129 DEBUG Execution plan of authorization filters (in the following order): None
2025-02-10 16:42:33.7129 DEBUG Execution plan of resource filters (in the following order): None
2025-02-10 16:42:33.7129 DEBUG Execution plan of action filters (in the following order): Microsoft.AspNetCore.Mvc.ModelBinding.UnsupportedContentTypeFilter (Order: -3000), Microsoft.AspNetCore.Mvc.Infrastructure.ModelStateInvalidFilter (Order: -2000)
2025-02-10 16:42:33.7129 DEBUG Execution plan of exception filters (in the following order): None
2025-02-10 16:42:33.7129 DEBUG Execution plan of result filters (in the following order): Microsoft.AspNetCore.Mvc.Infrastructure.ClientErrorResultFilter (Order: -2000)
2025-02-10 16:42:33.7129 DEBUG Executing controller factory for controller FundooNotesApi.Controllers.UsersController (FundooNotesApi)
2025-02-10 16:42:34.1779 DEBUG An 'IServiceProvider' was created for internal use by Entity Framework.
2025-02-10 16:42:34.2248 DEBUG Executed controller factory for controller FundooNotesApi.Controllers.UsersController (FundooNotesApi)
2025-02-10 16:42:34.2418 DEBUG Attempting to bind parameter 'login' of type 'CommonLayer.Models.LoginModel' ...
2025-02-10 16:42:34.2418 DEBUG Attempting to bind parameter 'login' of type 'CommonLayer.Models.LoginModel' using the name '' in request data ...
2025-02-10 16:42:34.2418 DEBUG Selected input formatter 'Microsoft.AspNetCore.Mvc.Formatters.SystemTextJsonInputFormatter' for content type 'application/json'.
2025-02-10 16:42:34.2695 DEBUG JSON input formatter succeeded, deserializing to type 'CommonLayer.Models.LoginModel'
2025-02-10 16:42:34.2695 DEBUG Done attempting to bind parameter 'login' of type 'CommonLayer.Models.LoginModel'.
2025-02-10 16:42:34.2695 DEBUG Done attempting to bind parameter 'login' of type 'CommonLayer.Models.LoginModel'.
2025-02-10 16:42:34.2695 DEBUG Attempting to validate the bound parameter 'login' of type 'CommonLayer.Models.LoginModel' ...
2025-02-10 16:42:34.2803 DEBUG Done attempting to validate the bound parameter 'login' of type 'CommonLayer.Models.LoginModel'.
2025-02-10 16:42:34.2803 TRACE Action Filter: Before executing OnActionExecuting on filter Microsoft.AspNetCore.Mvc.ModelBinding.UnsupportedContentTypeFilter.
2025-02-10 16:42:34.2865 TRACE Action Filter: After executing OnActionExecuting on filter Microsoft.AspNetCore.Mvc.ModelBinding.UnsupportedContentTypeFilter.
2025-02-10 16:42:34.2865 TRACE Action Filter: Before executing OnActionExecuting on filter Microsoft.AspNetCore.Mvc.Infrastructure.ModelStateInvalidFilter.
2025-02-10 16:42:34.2865 TRACE Action Filter: After executing OnActionExecuting on filter Microsoft.AspNetCore.Mvc.Infrastructure.ModelStateInvalidFilter.
2025-02-10 16:42:34.2865 INFO Executing action method FundooNotesApi.Controllers.UsersController.Login (FundooNotesApi) - Validation state: Valid
2025-02-10 16:42:34.3015 TRACE Executing action method FundooNotesApi.Controllers.UsersController.Login (FundooNotesApi) with arguments (CommonLayer.Models.LoginModel)
2025-02-10 16:42:34.3015 INFO Login attempt for Email: piyushkumar41214@gmail.com
2025-02-10 16:42:36.3859 INFO Entity Framework Core 3.1.0 initialized 'FundooDBContext' using provider 'Microsoft.EntityFrameworkCore.SqlServer' with options: None
2025-02-10 16:42:37.2771 DEBUG queryContext => new QueryingEnumerable<UserEntity>(
    (RelationalQueryContext)queryContext, 
    RelationalCommandCache, 
    null, 
    null, 
    Func<QueryContext, DbDataReader, ResultContext, int[], ResultCoordinator, UserEntity>, 
    RepositoryLayer.Context.FundooDBContext, 
    DiagnosticsLogger<Query>
)
    .SingleOrDefault()
2025-02-10 16:42:37.4032 DEBUG Creating DbCommand for 'ExecuteReader'.
2025-02-10 16:42:38.0738 DEBUG Created DbCommand for 'ExecuteReader' (659ms).
2025-02-10 16:42:38.1134 DEBUG Opening connection to database 'FundooNotesDB' on server 'LAPTOP-PIYUSH\SQLEXPRESS'.
2025-02-10 16:42:39.0036 DEBUG Opened connection to database 'FundooNotesDB' on server 'LAPTOP-PIYUSH\SQLEXPRESS'.
2025-02-10 16:42:39.0770 DEBUG Executing DbCommand [Parameters=[@__login_Email_0='?' (Size = 4000), @__encodedPassword_1='?' (Size = 4000)], CommandType='Text', CommandTimeout='30']
SELECT TOP(1) [u].[UserID], [u].[DOB], [u].[Email], [u].[FirstName], [u].[Gender], [u].[LastName], [u].[Password]
FROM [Users] AS [u]
WHERE ([u].[Email] = @__login_Email_0) AND ([u].[Password] = @__encodedPassword_1)
2025-02-10 16:42:39.3747 INFO Executed DbCommand (341ms) [Parameters=[@__login_Email_0='?' (Size = 4000), @__encodedPassword_1='?' (Size = 4000)], CommandType='Text', CommandTimeout='30']
SELECT TOP(1) [u].[UserID], [u].[DOB], [u].[Email], [u].[FirstName], [u].[Gender], [u].[LastName], [u].[Password]
FROM [Users] AS [u]
WHERE ([u].[Email] = @__login_Email_0) AND ([u].[Password] = @__encodedPassword_1)
2025-02-10 16:42:39.5498 DEBUG Context 'FundooDBContext' started tracking 'UserEntity' entity. Consider using 'DbContextOptionsBuilder.EnableSensitiveDataLogging' to see key values.
2025-02-10 16:42:39.6704 DEBUG A data reader was disposed.
2025-02-10 16:42:39.6808 DEBUG Closing connection to database 'FundooNotesDB' on server 'LAPTOP-PIYUSH\SQLEXPRESS'.
2025-02-10 16:42:39.6808 DEBUG Closed connection to database 'FundooNotesDB' on server 'LAPTOP-PIYUSH\SQLEXPRESS'.
2025-02-10 16:42:40.1913 INFO User logged in successfully: piyushkumar41214@gmail.com
2025-02-10 16:42:40.2078 INFO Executed action method FundooNotesApi.Controllers.UsersController.Login (FundooNotesApi), returned result Microsoft.AspNetCore.Mvc.OkObjectResult in 5894.9192ms.
2025-02-10 16:42:40.2096 TRACE Action Filter: Before executing OnActionExecuted on filter Microsoft.AspNetCore.Mvc.Infrastructure.ModelStateInvalidFilter.
2025-02-10 16:42:40.2096 TRACE Action Filter: After executing OnActionExecuted on filter Microsoft.AspNetCore.Mvc.Infrastructure.ModelStateInvalidFilter.
2025-02-10 16:42:40.2096 TRACE Action Filter: Before executing OnActionExecuted on filter Microsoft.AspNetCore.Mvc.ModelBinding.UnsupportedContentTypeFilter.
2025-02-10 16:42:40.2096 TRACE Action Filter: After executing OnActionExecuted on filter Microsoft.AspNetCore.Mvc.ModelBinding.UnsupportedContentTypeFilter.
2025-02-10 16:42:40.2096 TRACE Result Filter: Before executing OnResultExecuting on filter Microsoft.AspNetCore.Mvc.Infrastructure.ClientErrorResultFilter.
2025-02-10 16:42:40.2096 TRACE Result Filter: After executing OnResultExecuting on filter Microsoft.AspNetCore.Mvc.Infrastructure.ClientErrorResultFilter.
2025-02-10 16:42:40.2096 TRACE Before executing action result Microsoft.AspNetCore.Mvc.OkObjectResult.
2025-02-10 16:42:40.2291 DEBUG List of registered output formatters, in the following order: Microsoft.AspNetCore.Mvc.Formatters.HttpNoContentOutputFormatter, Microsoft.AspNetCore.Mvc.Formatters.StringOutputFormatter, Microsoft.AspNetCore.Mvc.Formatters.StreamOutputFormatter, Microsoft.AspNetCore.Mvc.Formatters.SystemTextJsonOutputFormatter
2025-02-10 16:42:40.2291 DEBUG No information found on request to perform content negotiation.
2025-02-10 16:42:40.2291 DEBUG Attempting to select an output formatter without using a content type as no explicit content types were specified for the response.
2025-02-10 16:42:40.2291 DEBUG Attempting to select the first formatter in the output formatters list which can write the result.
2025-02-10 16:42:40.2291 DEBUG Selected output formatter 'Microsoft.AspNetCore.Mvc.Formatters.SystemTextJsonOutputFormatter' and content type 'application/json' to write the response.
2025-02-10 16:42:40.2412 INFO Executing ObjectResult, writing value of type 'CommonLayer.Models.ResponseModel`1[[System.String, System.Private.CoreLib, Version=4.0.0.0, Culture=neutral, PublicKeyToken=7cec85d7bea7798e]]'.
2025-02-10 16:42:40.2615 TRACE After executing action result Microsoft.AspNetCore.Mvc.OkObjectResult.
2025-02-10 16:42:40.2615 TRACE Result Filter: Before executing OnResultExecuted on filter Microsoft.AspNetCore.Mvc.Infrastructure.ClientErrorResultFilter.
2025-02-10 16:42:40.2615 TRACE Result Filter: After executing OnResultExecuted on filter Microsoft.AspNetCore.Mvc.Infrastructure.ClientErrorResultFilter.
2025-02-10 16:42:40.2846 INFO Executed action FundooNotesApi.Controllers.UsersController.Login (FundooNotesApi) in 6550.6392ms
2025-02-10 16:42:40.2846 INFO Executed endpoint 'FundooNotesApi.Controllers.UsersController.Login (FundooNotesApi)'
2025-02-10 16:42:40.2927 DEBUG 'FundooDBContext' disposed.
2025-02-10 16:42:40.2927 INFO Request finished in 6722.2602ms 200 application/json; charset=utf-8
2025-02-10 16:43:32.3309 INFO Request starting HTTP/2.0 GET https://localhost:44392/api/Notes/FindAllNotes  
2025-02-10 16:43:32.3381 TRACE All hosts are allowed.
2025-02-10 16:43:32.6445 INFO Successfully validated the token.
2025-02-10 16:43:32.6540 DEBUG AuthenticationScheme: Bearer was successfully authenticated.
2025-02-10 16:43:32.6670 DEBUG 1 candidate(s) found for the request path '/api/Notes/FindAllNotes'
2025-02-10 16:43:32.6670 DEBUG Endpoint 'FundooNotesApi.Controllers.NotesController.FindAllNotes (FundooNotesApi)' with route pattern 'api/Notes/FindAllNotes' is valid for the request path '/api/Notes/FindAllNotes'
2025-02-10 16:43:32.6670 DEBUG Request matched endpoint 'FundooNotesApi.Controllers.NotesController.FindAllNotes (FundooNotesApi)'
2025-02-10 16:43:32.6670 DEBUG Static files was skipped as the request already matched an endpoint.
2025-02-10 16:43:32.6912 INFO Authorization was successful.
2025-02-10 16:43:32.6936 INFO Executing endpoint 'FundooNotesApi.Controllers.NotesController.FindAllNotes (FundooNotesApi)'
2025-02-10 16:43:32.6936 INFO Route matched with {action = "FindAllNotes", controller = "Notes"}. Executing controller action with signature Microsoft.AspNetCore.Mvc.IActionResult FindAllNotes() on controller FundooNotesApi.Controllers.NotesController (FundooNotesApi).
2025-02-10 16:43:32.6936 DEBUG Execution plan of authorization filters (in the following order): None
2025-02-10 16:43:32.7091 DEBUG Execution plan of resource filters (in the following order): None
2025-02-10 16:43:32.7091 DEBUG Execution plan of action filters (in the following order): Microsoft.AspNetCore.Mvc.ModelBinding.UnsupportedContentTypeFilter (Order: -3000), Microsoft.AspNetCore.Mvc.Infrastructure.ModelStateInvalidFilter (Order: -2000)
2025-02-10 16:43:32.7091 DEBUG Execution plan of exception filters (in the following order): None
2025-02-10 16:43:32.7091 DEBUG Execution plan of result filters (in the following order): Microsoft.AspNetCore.Mvc.Infrastructure.ClientErrorResultFilter (Order: -2000)
2025-02-10 16:43:32.7091 DEBUG Executing controller factory for controller FundooNotesApi.Controllers.NotesController (FundooNotesApi)
2025-02-10 16:43:32.7267 DEBUG Executed controller factory for controller FundooNotesApi.Controllers.NotesController (FundooNotesApi)
2025-02-10 16:43:32.7490 TRACE Action Filter: Before executing OnActionExecuting on filter Microsoft.AspNetCore.Mvc.ModelBinding.UnsupportedContentTypeFilter.
2025-02-10 16:43:32.7490 TRACE Action Filter: After executing OnActionExecuting on filter Microsoft.AspNetCore.Mvc.ModelBinding.UnsupportedContentTypeFilter.
2025-02-10 16:43:32.7609 TRACE Action Filter: Before executing OnActionExecuting on filter Microsoft.AspNetCore.Mvc.Infrastructure.ModelStateInvalidFilter.
2025-02-10 16:43:32.7609 TRACE Action Filter: After executing OnActionExecuting on filter Microsoft.AspNetCore.Mvc.Infrastructure.ModelStateInvalidFilter.
2025-02-10 16:43:32.7785 INFO Executing action method FundooNotesApi.Controllers.NotesController.FindAllNotes (FundooNotesApi) - Validation state: Valid
2025-02-10 16:43:32.7785 INFO FindAllNotes API called.
2025-02-10 16:43:32.7875 INFO Fetching all notes for UserID: 6
2025-02-10 16:43:32.9177 INFO Entity Framework Core 3.1.0 initialized 'FundooDBContext' using provider 'Microsoft.EntityFrameworkCore.SqlServer' with options: None
2025-02-10 16:43:32.9609 DEBUG queryContext => new QueryingEnumerable<NotesEntity>(
    (RelationalQueryContext)queryContext, 
    RelationalCommandCache, 
    null, 
    null, 
    Func<QueryContext, DbDataReader, ResultContext, int[], ResultCoordinator, NotesEntity>, 
    RepositoryLayer.Context.FundooDBContext, 
    DiagnosticsLogger<Query>
)
2025-02-10 16:43:32.9609 DEBUG Creating DbCommand for 'ExecuteReader'.
2025-02-10 16:43:32.9609 DEBUG Created DbCommand for 'ExecuteReader' (1ms).
2025-02-10 16:43:32.9609 DEBUG Opening connection to database 'FundooNotesDB' on server 'LAPTOP-PIYUSH\SQLEXPRESS'.
2025-02-10 16:43:32.9765 DEBUG Opened connection to database 'FundooNotesDB' on server 'LAPTOP-PIYUSH\SQLEXPRESS'.
2025-02-10 16:43:32.9765 DEBUG Executing DbCommand [Parameters=[@__UserId_0='?' (DbType = Int32)], CommandType='Text', CommandTimeout='30']
SELECT [n].[NotesId], [n].[Color], [n].[CreatedAt], [n].[Description], [n].[Image], [n].[IsArchive], [n].[IsPin], [n].[IsTrash], [n].[LastUpdatedAt], [n].[Remainder], [n].[Title], [n].[UserID]
FROM [Notes] AS [n]
WHERE [n].[UserID] = @__UserId_0
2025-02-10 16:43:33.0126 INFO Executed DbCommand (35ms) [Parameters=[@__UserId_0='?' (DbType = Int32)], CommandType='Text', CommandTimeout='30']
SELECT [n].[NotesId], [n].[Color], [n].[CreatedAt], [n].[Description], [n].[Image], [n].[IsArchive], [n].[IsPin], [n].[IsTrash], [n].[LastUpdatedAt], [n].[Remainder], [n].[Title], [n].[UserID]
FROM [Notes] AS [n]
WHERE [n].[UserID] = @__UserId_0
2025-02-10 16:43:33.0298 DEBUG Context 'FundooDBContext' started tracking 'NotesEntity' entity. Consider using 'DbContextOptionsBuilder.EnableSensitiveDataLogging' to see key values.
2025-02-10 16:43:33.0440 DEBUG Context 'FundooDBContext' started tracking 'NotesEntity' entity. Consider using 'DbContextOptionsBuilder.EnableSensitiveDataLogging' to see key values.
2025-02-10 16:43:33.0440 DEBUG Context 'FundooDBContext' started tracking 'NotesEntity' entity. Consider using 'DbContextOptionsBuilder.EnableSensitiveDataLogging' to see key values.
2025-02-10 16:43:33.0440 DEBUG A data reader was disposed.
2025-02-10 16:43:33.0440 DEBUG Closing connection to database 'FundooNotesDB' on server 'LAPTOP-PIYUSH\SQLEXPRESS'.
2025-02-10 16:43:33.0440 DEBUG Closed connection to database 'FundooNotesDB' on server 'LAPTOP-PIYUSH\SQLEXPRESS'.
2025-02-10 16:43:33.0440 INFO Successfully fetched 3 notes for UserID: 6
2025-02-10 16:43:33.0440 INFO Executed action method FundooNotesApi.Controllers.NotesController.FindAllNotes (FundooNotesApi), returned result Microsoft.AspNetCore.Mvc.OkObjectResult in 269.3789ms.
2025-02-10 16:43:33.0440 TRACE Action Filter: Before executing OnActionExecuted on filter Microsoft.AspNetCore.Mvc.Infrastructure.ModelStateInvalidFilter.
2025-02-10 16:43:33.0440 TRACE Action Filter: After executing OnActionExecuted on filter Microsoft.AspNetCore.Mvc.Infrastructure.ModelStateInvalidFilter.
2025-02-10 16:43:33.0440 TRACE Action Filter: Before executing OnActionExecuted on filter Microsoft.AspNetCore.Mvc.ModelBinding.UnsupportedContentTypeFilter.
2025-02-10 16:43:33.0440 TRACE Action Filter: After executing OnActionExecuted on filter Microsoft.AspNetCore.Mvc.ModelBinding.UnsupportedContentTypeFilter.
2025-02-10 16:43:33.0535 TRACE Result Filter: Before executing OnResultExecuting on filter Microsoft.AspNetCore.Mvc.Infrastructure.ClientErrorResultFilter.
2025-02-10 16:43:33.0535 TRACE Result Filter: After executing OnResultExecuting on filter Microsoft.AspNetCore.Mvc.Infrastructure.ClientErrorResultFilter.
2025-02-10 16:43:33.0535 TRACE Before executing action result Microsoft.AspNetCore.Mvc.OkObjectResult.
2025-02-10 16:43:33.0535 DEBUG List of registered output formatters, in the following order: Microsoft.AspNetCore.Mvc.Formatters.HttpNoContentOutputFormatter, Microsoft.AspNetCore.Mvc.Formatters.StringOutputFormatter, Microsoft.AspNetCore.Mvc.Formatters.StreamOutputFormatter, Microsoft.AspNetCore.Mvc.Formatters.SystemTextJsonOutputFormatter
2025-02-10 16:43:33.0535 DEBUG No information found on request to perform content negotiation.
2025-02-10 16:43:33.0535 DEBUG Attempting to select an output formatter without using a content type as no explicit content types were specified for the response.
2025-02-10 16:43:33.0535 DEBUG Attempting to select the first formatter in the output formatters list which can write the result.
2025-02-10 16:43:33.0535 DEBUG Selected output formatter 'Microsoft.AspNetCore.Mvc.Formatters.SystemTextJsonOutputFormatter' and content type 'application/json' to write the response.
2025-02-10 16:43:33.0535 INFO Executing ObjectResult, writing value of type '<>f__AnonymousType1`3[[System.Boolean, System.Private.CoreLib, Version=4.0.0.0, Culture=neutral, PublicKeyToken=7cec85d7bea7798e],[System.String, System.Private.CoreLib, Version=4.0.0.0, Culture=neutral, PublicKeyToken=7cec85d7bea7798e],[System.Collections.Generic.List`1[[RepositoryLayer.Entities.NotesEntity, RepositoryLayer, Version=1.0.0.0, Culture=neutral, PublicKeyToken=null]], System.Private.CoreLib, Version=4.0.0.0, Culture=neutral, PublicKeyToken=7cec85d7bea7798e]]'.
2025-02-10 16:43:33.0848 TRACE After executing action result Microsoft.AspNetCore.Mvc.OkObjectResult.
2025-02-10 16:43:33.0870 TRACE Result Filter: Before executing OnResultExecuted on filter Microsoft.AspNetCore.Mvc.Infrastructure.ClientErrorResultFilter.
2025-02-10 16:43:33.0870 TRACE Result Filter: After executing OnResultExecuted on filter Microsoft.AspNetCore.Mvc.Infrastructure.ClientErrorResultFilter.
2025-02-10 16:43:33.0870 INFO Executed action FundooNotesApi.Controllers.NotesController.FindAllNotes (FundooNotesApi) in 376.9861ms
2025-02-10 16:43:33.0870 INFO Executed endpoint 'FundooNotesApi.Controllers.NotesController.FindAllNotes (FundooNotesApi)'
2025-02-10 16:43:33.0870 DEBUG 'FundooDBContext' disposed.
2025-02-10 16:43:33.0870 INFO Request finished in 764.1205ms 200 application/json; charset=utf-8
2025-02-10 16:44:01.0367 INFO Request starting HTTP/2.0 POST https://localhost:44392/api/Collaborator/AddCollaborator application/json 58
2025-02-10 16:44:01.0367 TRACE All hosts are allowed.
2025-02-10 16:44:01.0367 INFO Successfully validated the token.
2025-02-10 16:44:01.0367 DEBUG AuthenticationScheme: Bearer was successfully authenticated.
2025-02-10 16:44:01.0572 DEBUG 1 candidate(s) found for the request path '/api/Collaborator/AddCollaborator'
2025-02-10 16:44:01.0572 DEBUG Endpoint 'FundooNotesApi.Controllers.CollaboratorController.AddCollaborator (FundooNotesApi)' with route pattern 'api/Collaborator/AddCollaborator' is valid for the request path '/api/Collaborator/AddCollaborator'
2025-02-10 16:44:01.0572 DEBUG Request matched endpoint 'FundooNotesApi.Controllers.CollaboratorController.AddCollaborator (FundooNotesApi)'
2025-02-10 16:44:01.0572 DEBUG Static files was skipped as the request already matched an endpoint.
2025-02-10 16:44:01.0804 INFO Authorization was successful.
2025-02-10 16:44:01.0804 INFO Executing endpoint 'FundooNotesApi.Controllers.CollaboratorController.AddCollaborator (FundooNotesApi)'
2025-02-10 16:44:01.1153 INFO Route matched with {action = "AddCollaborator", controller = "Collaborator"}. Executing controller action with signature System.Threading.Tasks.Task`1[Microsoft.AspNetCore.Mvc.IActionResult] AddCollaborator(CommonLayer.Models.CollaboratorModel) on controller FundooNotesApi.Controllers.CollaboratorController (FundooNotesApi).
2025-02-10 16:44:01.1153 DEBUG Execution plan of authorization filters (in the following order): None
2025-02-10 16:44:01.1153 DEBUG Execution plan of resource filters (in the following order): None
2025-02-10 16:44:01.1153 DEBUG Execution plan of action filters (in the following order): Microsoft.AspNetCore.Mvc.ModelBinding.UnsupportedContentTypeFilter (Order: -3000), Microsoft.AspNetCore.Mvc.Infrastructure.ModelStateInvalidFilter (Order: -2000)
2025-02-10 16:44:01.1153 DEBUG Execution plan of exception filters (in the following order): None
2025-02-10 16:44:01.1153 DEBUG Execution plan of result filters (in the following order): Microsoft.AspNetCore.Mvc.Infrastructure.ClientErrorResultFilter (Order: -2000)
2025-02-10 16:44:01.1153 DEBUG Executing controller factory for controller FundooNotesApi.Controllers.CollaboratorController (FundooNotesApi)
2025-02-10 16:44:01.1304 DEBUG Executed controller factory for controller FundooNotesApi.Controllers.CollaboratorController (FundooNotesApi)
2025-02-10 16:44:01.1304 DEBUG Attempting to bind parameter 'collaboratorModel' of type 'CommonLayer.Models.CollaboratorModel' ...
2025-02-10 16:44:01.1304 DEBUG Attempting to bind parameter 'collaboratorModel' of type 'CommonLayer.Models.CollaboratorModel' using the name '' in request data ...
2025-02-10 16:44:01.1304 DEBUG Selected input formatter 'Microsoft.AspNetCore.Mvc.Formatters.SystemTextJsonInputFormatter' for content type 'application/json'.
2025-02-10 16:44:01.1458 DEBUG JSON input formatter succeeded, deserializing to type 'CommonLayer.Models.CollaboratorModel'
2025-02-10 16:44:01.1458 DEBUG Done attempting to bind parameter 'collaboratorModel' of type 'CommonLayer.Models.CollaboratorModel'.
2025-02-10 16:44:01.1458 DEBUG Done attempting to bind parameter 'collaboratorModel' of type 'CommonLayer.Models.CollaboratorModel'.
2025-02-10 16:44:01.1458 DEBUG Attempting to validate the bound parameter 'collaboratorModel' of type 'CommonLayer.Models.CollaboratorModel' ...
2025-02-10 16:44:01.1835 DEBUG Done attempting to validate the bound parameter 'collaboratorModel' of type 'CommonLayer.Models.CollaboratorModel'.
2025-02-10 16:44:01.1835 TRACE Action Filter: Before executing OnActionExecuting on filter Microsoft.AspNetCore.Mvc.ModelBinding.UnsupportedContentTypeFilter.
2025-02-10 16:44:01.1835 TRACE Action Filter: After executing OnActionExecuting on filter Microsoft.AspNetCore.Mvc.ModelBinding.UnsupportedContentTypeFilter.
2025-02-10 16:44:01.1835 TRACE Action Filter: Before executing OnActionExecuting on filter Microsoft.AspNetCore.Mvc.Infrastructure.ModelStateInvalidFilter.
2025-02-10 16:44:01.1835 TRACE Action Filter: After executing OnActionExecuting on filter Microsoft.AspNetCore.Mvc.Infrastructure.ModelStateInvalidFilter.
2025-02-10 16:44:01.1835 INFO Executing action method FundooNotesApi.Controllers.CollaboratorController.AddCollaborator (FundooNotesApi) - Validation state: Valid
2025-02-10 16:44:01.1835 TRACE Executing action method FundooNotesApi.Controllers.CollaboratorController.AddCollaborator (FundooNotesApi) with arguments (CommonLayer.Models.CollaboratorModel)
2025-02-10 16:44:01.2019 INFO Adding collaborator for UserID: 6, NoteID: 6
2025-02-10 16:44:01.2355 INFO Entity Framework Core 3.1.0 initialized 'FundooDBContext' using provider 'Microsoft.EntityFrameworkCore.SqlServer' with options: None
2025-02-10 16:44:01.2602 DEBUG queryContext => new QueryingEnumerable<NotesEntity>(
    (RelationalQueryContext)queryContext, 
    RelationalCommandCache, 
    null, 
    null, 
    Func<QueryContext, DbDataReader, ResultContext, int[], ResultCoordinator, NotesEntity>, 
    RepositoryLayer.Context.FundooDBContext, 
    DiagnosticsLogger<Query>
)
    .SingleOrDefault()
2025-02-10 16:44:01.2638 DEBUG Creating DbCommand for 'ExecuteReader'.
2025-02-10 16:44:01.2638 DEBUG Created DbCommand for 'ExecuteReader' (0ms).
2025-02-10 16:44:01.2638 DEBUG Opening connection to database 'FundooNotesDB' on server 'LAPTOP-PIYUSH\SQLEXPRESS'.
2025-02-10 16:44:01.2638 DEBUG Opened connection to database 'FundooNotesDB' on server 'LAPTOP-PIYUSH\SQLEXPRESS'.
2025-02-10 16:44:01.2638 DEBUG Executing DbCommand [Parameters=[@__collaboratorModel_NotesId_0='?' (DbType = Int32), @__userId_1='?' (DbType = Int32)], CommandType='Text', CommandTimeout='30']
SELECT TOP(1) [n].[NotesId], [n].[Color], [n].[CreatedAt], [n].[Description], [n].[Image], [n].[IsArchive], [n].[IsPin], [n].[IsTrash], [n].[LastUpdatedAt], [n].[Remainder], [n].[Title], [n].[UserID]
FROM [Notes] AS [n]
WHERE ([n].[NotesId] = @__collaboratorModel_NotesId_0) AND ([n].[UserID] = @__userId_1)
2025-02-10 16:44:01.2804 INFO Executed DbCommand (12ms) [Parameters=[@__collaboratorModel_NotesId_0='?' (DbType = Int32), @__userId_1='?' (DbType = Int32)], CommandType='Text', CommandTimeout='30']
SELECT TOP(1) [n].[NotesId], [n].[Color], [n].[CreatedAt], [n].[Description], [n].[Image], [n].[IsArchive], [n].[IsPin], [n].[IsTrash], [n].[LastUpdatedAt], [n].[Remainder], [n].[Title], [n].[UserID]
FROM [Notes] AS [n]
WHERE ([n].[NotesId] = @__collaboratorModel_NotesId_0) AND ([n].[UserID] = @__userId_1)
2025-02-10 16:44:01.2869 DEBUG Context 'FundooDBContext' started tracking 'NotesEntity' entity. Consider using 'DbContextOptionsBuilder.EnableSensitiveDataLogging' to see key values.
2025-02-10 16:44:01.2869 DEBUG A data reader was disposed.
2025-02-10 16:44:01.2869 DEBUG Closing connection to database 'FundooNotesDB' on server 'LAPTOP-PIYUSH\SQLEXPRESS'.
2025-02-10 16:44:01.2869 DEBUG Closed connection to database 'FundooNotesDB' on server 'LAPTOP-PIYUSH\SQLEXPRESS'.
2025-02-10 16:44:01.3935 DEBUG 'FundooDBContext' generated a temporary value for the 'CollaboratorId' property of new 'CollaboratorEntity' entity. Consider using 'DbContextOptionsBuilder.EnableSensitiveDataLogging' to see key values.
2025-02-10 16:44:01.4892 DEBUG Context 'FundooDBContext' started tracking 'CollaboratorEntity' entity. Consider using 'DbContextOptionsBuilder.EnableSensitiveDataLogging' to see key values.
2025-02-10 16:44:01.5007 DEBUG SaveChanges starting for 'FundooDBContext'.
2025-02-10 16:44:01.5113 DEBUG DetectChanges starting for 'FundooDBContext'.
2025-02-10 16:44:01.5991 DEBUG DetectChanges completed for 'FundooDBContext'.
2025-02-10 16:44:01.6234 DEBUG Opening connection to database 'FundooNotesDB' on server 'LAPTOP-PIYUSH\SQLEXPRESS'.
2025-02-10 16:44:01.6234 DEBUG Opened connection to database 'FundooNotesDB' on server 'LAPTOP-PIYUSH\SQLEXPRESS'.
2025-02-10 16:44:01.6318 DEBUG Beginning transaction with isolation level 'Unspecified'.
2025-02-10 16:44:01.6614 DEBUG Began transaction with isolation level 'ReadCommitted'.
2025-02-10 16:44:01.8724 DEBUG Creating DbCommand for 'ExecuteReader'.
2025-02-10 16:44:01.8724 DEBUG Created DbCommand for 'ExecuteReader' (0ms).
2025-02-10 16:44:01.8724 DEBUG Executing DbCommand [Parameters=[@p0='?' (Size = 4000), @p1='?' (DbType = Int32), @p2='?' (DbType = Int32)], CommandType='Text', CommandTimeout='30']
SET NOCOUNT ON;
INSERT INTO [Collaborators] ([CollaboratorEmail], [NotesId], [UserID])
VALUES (@p0, @p1, @p2);
SELECT [CollaboratorId]
FROM [Collaborators]
WHERE @@ROWCOUNT = 1 AND [CollaboratorId] = scope_identity();
2025-02-10 16:44:01.9226 INFO Executed DbCommand (46ms) [Parameters=[@p0='?' (Size = 4000), @p1='?' (DbType = Int32), @p2='?' (DbType = Int32)], CommandType='Text', CommandTimeout='30']
SET NOCOUNT ON;
INSERT INTO [Collaborators] ([CollaboratorEmail], [NotesId], [UserID])
VALUES (@p0, @p1, @p2);
SELECT [CollaboratorId]
FROM [Collaborators]
WHERE @@ROWCOUNT = 1 AND [CollaboratorId] = scope_identity();
2025-02-10 16:44:01.9913 DEBUG Foreign key property 'CollaboratorEntity.CollaboratorId' detected as changed. Consider using 'DbContextOptionsBuilder.EnableSensitiveDataLogging' to see property values.
2025-02-10 16:44:02.0137 DEBUG A data reader was disposed.
2025-02-10 16:44:02.0213 DEBUG Committing transaction.
2025-02-10 16:44:02.0213 DEBUG Committing transaction.
2025-02-10 16:44:02.0213 DEBUG Closing connection to database 'FundooNotesDB' on server 'LAPTOP-PIYUSH\SQLEXPRESS'.
2025-02-10 16:44:02.0213 DEBUG Closed connection to database 'FundooNotesDB' on server 'LAPTOP-PIYUSH\SQLEXPRESS'.
2025-02-10 16:44:02.0438 DEBUG Disposing transaction.
2025-02-10 16:44:02.1166 DEBUG An 'CollaboratorEntity' entity tracked by 'FundooDBContext' changed from 'Added' to 'Unchanged'. Consider using 'DbContextOptionsBuilder.EnableSensitiveDataLogging' to see key values.
2025-02-10 16:44:02.1166 DEBUG SaveChanges completed for 'FundooDBContext' with 1 entities written to the database.
2025-02-10 16:44:02.1166 INFO Collaborator added successfully for UserID: 6, NoteID: 6
2025-02-10 16:44:08.4101 INFO Email sent to collaborator: crazyspkinfo@gmail.com
2025-02-10 16:44:08.5689 DEBUG Create send transport: rabbitmq://localhost/FunDooNotesEmailQueue
2025-02-10 16:44:08.8045 DEBUG Declare exchange: name: FunDooNotesEmailQueue, type: fanout, durable
2025-02-10 16:44:09.4692 DEBUG SEND rabbitmq://localhost/FunDooNotesEmailQueue ab9d0000-ac5a-f80d-95b1-08dd49c40a21 CommonLayer.Models.CollaboratorModel
2025-02-10 16:44:09.4917 INFO RabbitMQ message sent for collaborator: crazyspkinfo@gmail.com
2025-02-10 16:44:09.4917 INFO Executed action method FundooNotesApi.Controllers.CollaboratorController.AddCollaborator (FundooNotesApi), returned result Microsoft.AspNetCore.Mvc.OkObjectResult in 8310.7589ms.
2025-02-10 16:44:09.5075 TRACE Action Filter: Before executing OnActionExecuted on filter Microsoft.AspNetCore.Mvc.Infrastructure.ModelStateInvalidFilter.
2025-02-10 16:44:09.5075 TRACE Action Filter: After executing OnActionExecuted on filter Microsoft.AspNetCore.Mvc.Infrastructure.ModelStateInvalidFilter.
2025-02-10 16:44:09.5075 TRACE Action Filter: Before executing OnActionExecuted on filter Microsoft.AspNetCore.Mvc.ModelBinding.UnsupportedContentTypeFilter.
2025-02-10 16:44:09.5075 TRACE Action Filter: After executing OnActionExecuted on filter Microsoft.AspNetCore.Mvc.ModelBinding.UnsupportedContentTypeFilter.
2025-02-10 16:44:09.5075 TRACE Result Filter: Before executing OnResultExecuting on filter Microsoft.AspNetCore.Mvc.Infrastructure.ClientErrorResultFilter.
2025-02-10 16:44:09.5075 TRACE Result Filter: After executing OnResultExecuting on filter Microsoft.AspNetCore.Mvc.Infrastructure.ClientErrorResultFilter.
2025-02-10 16:44:09.5075 TRACE Before executing action result Microsoft.AspNetCore.Mvc.OkObjectResult.
2025-02-10 16:44:09.5075 DEBUG List of registered output formatters, in the following order: Microsoft.AspNetCore.Mvc.Formatters.HttpNoContentOutputFormatter, Microsoft.AspNetCore.Mvc.Formatters.StringOutputFormatter, Microsoft.AspNetCore.Mvc.Formatters.StreamOutputFormatter, Microsoft.AspNetCore.Mvc.Formatters.SystemTextJsonOutputFormatter
2025-02-10 16:44:09.5233 DEBUG No information found on request to perform content negotiation.
2025-02-10 16:44:09.5233 DEBUG Attempting to select an output formatter without using a content type as no explicit content types were specified for the response.
2025-02-10 16:44:09.5233 DEBUG Attempting to select the first formatter in the output formatters list which can write the result.
2025-02-10 16:44:09.5233 DEBUG Selected output formatter 'Microsoft.AspNetCore.Mvc.Formatters.SystemTextJsonOutputFormatter' and content type 'application/json' to write the response.
2025-02-10 16:44:09.5233 INFO Executing ObjectResult, writing value of type '<>f__AnonymousType1`3[[System.Boolean, System.Private.CoreLib, Version=4.0.0.0, Culture=neutral, PublicKeyToken=7cec85d7bea7798e],[System.String, System.Private.CoreLib, Version=4.0.0.0, Culture=neutral, PublicKeyToken=7cec85d7bea7798e],[RepositoryLayer.Entities.CollaboratorEntity, RepositoryLayer, Version=1.0.0.0, Culture=neutral, PublicKeyToken=null]]'.
2025-02-10 16:44:09.5418 TRACE After executing action result Microsoft.AspNetCore.Mvc.OkObjectResult.
2025-02-10 16:44:09.5418 TRACE Result Filter: Before executing OnResultExecuted on filter Microsoft.AspNetCore.Mvc.Infrastructure.ClientErrorResultFilter.
2025-02-10 16:44:09.5418 TRACE Result Filter: After executing OnResultExecuted on filter Microsoft.AspNetCore.Mvc.Infrastructure.ClientErrorResultFilter.
2025-02-10 16:44:09.5418 INFO Executed action FundooNotesApi.Controllers.CollaboratorController.AddCollaborator (FundooNotesApi) in 8428.4416ms
2025-02-10 16:44:09.5537 INFO Executed endpoint 'FundooNotesApi.Controllers.CollaboratorController.AddCollaborator (FundooNotesApi)'
2025-02-10 16:44:09.5709 DEBUG 'FundooDBContext' disposed.
2025-02-10 16:44:09.5709 INFO Request finished in 8536.0717ms 200 application/json; charset=utf-8
2025-02-10 16:44:46.7218 INFO Request starting HTTP/2.0 POST https://localhost:44392/api/Collaborator/AddCollaborator application/json 58
2025-02-10 16:44:46.7258 TRACE All hosts are allowed.
2025-02-10 16:44:46.7258 INFO Successfully validated the token.
2025-02-10 16:44:46.7396 DEBUG AuthenticationScheme: Bearer was successfully authenticated.
2025-02-10 16:44:46.7396 DEBUG 1 candidate(s) found for the request path '/api/Collaborator/AddCollaborator'
2025-02-10 16:44:46.7396 DEBUG Endpoint 'FundooNotesApi.Controllers.CollaboratorController.AddCollaborator (FundooNotesApi)' with route pattern 'api/Collaborator/AddCollaborator' is valid for the request path '/api/Collaborator/AddCollaborator'
2025-02-10 16:44:46.7554 DEBUG Request matched endpoint 'FundooNotesApi.Controllers.CollaboratorController.AddCollaborator (FundooNotesApi)'
2025-02-10 16:44:46.7554 DEBUG Static files was skipped as the request already matched an endpoint.
2025-02-10 16:44:46.7554 INFO Authorization was successful.
2025-02-10 16:44:46.7554 INFO Executing endpoint 'FundooNotesApi.Controllers.CollaboratorController.AddCollaborator (FundooNotesApi)'
2025-02-10 16:44:46.7554 INFO Route matched with {action = "AddCollaborator", controller = "Collaborator"}. Executing controller action with signature System.Threading.Tasks.Task`1[Microsoft.AspNetCore.Mvc.IActionResult] AddCollaborator(CommonLayer.Models.CollaboratorModel) on controller FundooNotesApi.Controllers.CollaboratorController (FundooNotesApi).
2025-02-10 16:44:46.7708 DEBUG Execution plan of authorization filters (in the following order): None
2025-02-10 16:44:46.7708 DEBUG Execution plan of resource filters (in the following order): None
2025-02-10 16:44:46.7708 DEBUG Execution plan of action filters (in the following order): Microsoft.AspNetCore.Mvc.ModelBinding.UnsupportedContentTypeFilter (Order: -3000), Microsoft.AspNetCore.Mvc.Infrastructure.ModelStateInvalidFilter (Order: -2000)
2025-02-10 16:44:46.7708 DEBUG Execution plan of exception filters (in the following order): None
2025-02-10 16:44:46.7708 DEBUG Execution plan of result filters (in the following order): Microsoft.AspNetCore.Mvc.Infrastructure.ClientErrorResultFilter (Order: -2000)
2025-02-10 16:44:46.7708 DEBUG Executing controller factory for controller FundooNotesApi.Controllers.CollaboratorController (FundooNotesApi)
2025-02-10 16:44:46.7708 DEBUG Executed controller factory for controller FundooNotesApi.Controllers.CollaboratorController (FundooNotesApi)
2025-02-10 16:44:46.7708 DEBUG Attempting to bind parameter 'collaboratorModel' of type 'CommonLayer.Models.CollaboratorModel' ...
2025-02-10 16:44:46.7708 DEBUG Attempting to bind parameter 'collaboratorModel' of type 'CommonLayer.Models.CollaboratorModel' using the name '' in request data ...
2025-02-10 16:44:46.7708 DEBUG Selected input formatter 'Microsoft.AspNetCore.Mvc.Formatters.SystemTextJsonInputFormatter' for content type 'application/json'.
2025-02-10 16:44:46.7708 DEBUG JSON input formatter succeeded, deserializing to type 'CommonLayer.Models.CollaboratorModel'
2025-02-10 16:44:46.7854 DEBUG Done attempting to bind parameter 'collaboratorModel' of type 'CommonLayer.Models.CollaboratorModel'.
2025-02-10 16:44:46.7854 DEBUG Done attempting to bind parameter 'collaboratorModel' of type 'CommonLayer.Models.CollaboratorModel'.
2025-02-10 16:44:46.7854 DEBUG Attempting to validate the bound parameter 'collaboratorModel' of type 'CommonLayer.Models.CollaboratorModel' ...
2025-02-10 16:44:46.7854 DEBUG Done attempting to validate the bound parameter 'collaboratorModel' of type 'CommonLayer.Models.CollaboratorModel'.
2025-02-10 16:44:46.7854 TRACE Action Filter: Before executing OnActionExecuting on filter Microsoft.AspNetCore.Mvc.ModelBinding.UnsupportedContentTypeFilter.
2025-02-10 16:44:46.7854 TRACE Action Filter: After executing OnActionExecuting on filter Microsoft.AspNetCore.Mvc.ModelBinding.UnsupportedContentTypeFilter.
2025-02-10 16:44:46.7854 TRACE Action Filter: Before executing OnActionExecuting on filter Microsoft.AspNetCore.Mvc.Infrastructure.ModelStateInvalidFilter.
2025-02-10 16:44:46.7854 TRACE Action Filter: After executing OnActionExecuting on filter Microsoft.AspNetCore.Mvc.Infrastructure.ModelStateInvalidFilter.
2025-02-10 16:44:46.7854 INFO Executing action method FundooNotesApi.Controllers.CollaboratorController.AddCollaborator (FundooNotesApi) - Validation state: Valid
2025-02-10 16:44:46.7854 TRACE Executing action method FundooNotesApi.Controllers.CollaboratorController.AddCollaborator (FundooNotesApi) with arguments (CommonLayer.Models.CollaboratorModel)
2025-02-10 16:44:46.7854 INFO Adding collaborator for UserID: 6, NoteID: 1
2025-02-10 16:44:46.8017 INFO Entity Framework Core 3.1.0 initialized 'FundooDBContext' using provider 'Microsoft.EntityFrameworkCore.SqlServer' with options: None
2025-02-10 16:44:46.8017 DEBUG Creating DbCommand for 'ExecuteReader'.
2025-02-10 16:44:46.8017 DEBUG Created DbCommand for 'ExecuteReader' (0ms).
2025-02-10 16:44:46.8017 DEBUG Opening connection to database 'FundooNotesDB' on server 'LAPTOP-PIYUSH\SQLEXPRESS'.
2025-02-10 16:44:46.8017 DEBUG Opened connection to database 'FundooNotesDB' on server 'LAPTOP-PIYUSH\SQLEXPRESS'.
2025-02-10 16:44:46.8191 DEBUG Executing DbCommand [Parameters=[@__collaboratorModel_NotesId_0='?' (DbType = Int32), @__userId_1='?' (DbType = Int32)], CommandType='Text', CommandTimeout='30']
SELECT TOP(1) [n].[NotesId], [n].[Color], [n].[CreatedAt], [n].[Description], [n].[Image], [n].[IsArchive], [n].[IsPin], [n].[IsTrash], [n].[LastUpdatedAt], [n].[Remainder], [n].[Title], [n].[UserID]
FROM [Notes] AS [n]
WHERE ([n].[NotesId] = @__collaboratorModel_NotesId_0) AND ([n].[UserID] = @__userId_1)
2025-02-10 16:44:46.8726 INFO Executed DbCommand (54ms) [Parameters=[@__collaboratorModel_NotesId_0='?' (DbType = Int32), @__userId_1='?' (DbType = Int32)], CommandType='Text', CommandTimeout='30']
SELECT TOP(1) [n].[NotesId], [n].[Color], [n].[CreatedAt], [n].[Description], [n].[Image], [n].[IsArchive], [n].[IsPin], [n].[IsTrash], [n].[LastUpdatedAt], [n].[Remainder], [n].[Title], [n].[UserID]
FROM [Notes] AS [n]
WHERE ([n].[NotesId] = @__collaboratorModel_NotesId_0) AND ([n].[UserID] = @__userId_1)
2025-02-10 16:44:46.8822 DEBUG Context 'FundooDBContext' started tracking 'NotesEntity' entity. Consider using 'DbContextOptionsBuilder.EnableSensitiveDataLogging' to see key values.
2025-02-10 16:44:46.8822 DEBUG A data reader was disposed.
2025-02-10 16:44:46.8822 DEBUG Closing connection to database 'FundooNotesDB' on server 'LAPTOP-PIYUSH\SQLEXPRESS'.
2025-02-10 16:44:46.8822 DEBUG Closed connection to database 'FundooNotesDB' on server 'LAPTOP-PIYUSH\SQLEXPRESS'.
2025-02-10 16:44:46.8822 DEBUG 'FundooDBContext' generated a temporary value for the 'CollaboratorId' property of new 'CollaboratorEntity' entity. Consider using 'DbContextOptionsBuilder.EnableSensitiveDataLogging' to see key values.
2025-02-10 16:44:46.8822 DEBUG Context 'FundooDBContext' started tracking 'CollaboratorEntity' entity. Consider using 'DbContextOptionsBuilder.EnableSensitiveDataLogging' to see key values.
2025-02-10 16:44:46.8822 DEBUG SaveChanges starting for 'FundooDBContext'.
2025-02-10 16:44:46.8822 DEBUG DetectChanges starting for 'FundooDBContext'.
2025-02-10 16:44:46.8966 DEBUG DetectChanges completed for 'FundooDBContext'.
2025-02-10 16:44:46.8966 DEBUG Opening connection to database 'FundooNotesDB' on server 'LAPTOP-PIYUSH\SQLEXPRESS'.
2025-02-10 16:44:46.8966 DEBUG Opened connection to database 'FundooNotesDB' on server 'LAPTOP-PIYUSH\SQLEXPRESS'.
2025-02-10 16:44:46.8966 DEBUG Beginning transaction with isolation level 'Unspecified'.
2025-02-10 16:44:46.8966 DEBUG Began transaction with isolation level 'ReadCommitted'.
2025-02-10 16:44:46.8966 DEBUG Creating DbCommand for 'ExecuteReader'.
2025-02-10 16:44:46.8966 DEBUG Created DbCommand for 'ExecuteReader' (0ms).
2025-02-10 16:44:46.8966 DEBUG Executing DbCommand [Parameters=[@p0='?' (Size = 4000), @p1='?' (DbType = Int32), @p2='?' (DbType = Int32)], CommandType='Text', CommandTimeout='30']
SET NOCOUNT ON;
INSERT INTO [Collaborators] ([CollaboratorEmail], [NotesId], [UserID])
VALUES (@p0, @p1, @p2);
SELECT [CollaboratorId]
FROM [Collaborators]
WHERE @@ROWCOUNT = 1 AND [CollaboratorId] = scope_identity();
2025-02-10 16:44:46.9317 INFO Executed DbCommand (25ms) [Parameters=[@p0='?' (Size = 4000), @p1='?' (DbType = Int32), @p2='?' (DbType = Int32)], CommandType='Text', CommandTimeout='30']
SET NOCOUNT ON;
INSERT INTO [Collaborators] ([CollaboratorEmail], [NotesId], [UserID])
VALUES (@p0, @p1, @p2);
SELECT [CollaboratorId]
FROM [Collaborators]
WHERE @@ROWCOUNT = 1 AND [CollaboratorId] = scope_identity();
2025-02-10 16:44:46.9494 DEBUG Foreign key property 'CollaboratorEntity.CollaboratorId' detected as changed. Consider using 'DbContextOptionsBuilder.EnableSensitiveDataLogging' to see property values.
2025-02-10 16:44:46.9494 DEBUG A data reader was disposed.
2025-02-10 16:44:46.9494 DEBUG Committing transaction.
2025-02-10 16:44:46.9494 DEBUG Committing transaction.
2025-02-10 16:44:46.9494 DEBUG Closing connection to database 'FundooNotesDB' on server 'LAPTOP-PIYUSH\SQLEXPRESS'.
2025-02-10 16:44:46.9494 DEBUG Closed connection to database 'FundooNotesDB' on server 'LAPTOP-PIYUSH\SQLEXPRESS'.
2025-02-10 16:44:46.9494 DEBUG Disposing transaction.
2025-02-10 16:44:46.9494 DEBUG An 'CollaboratorEntity' entity tracked by 'FundooDBContext' changed from 'Added' to 'Unchanged'. Consider using 'DbContextOptionsBuilder.EnableSensitiveDataLogging' to see key values.
2025-02-10 16:44:46.9494 DEBUG SaveChanges completed for 'FundooDBContext' with 1 entities written to the database.
2025-02-10 16:44:46.9606 INFO Collaborator added successfully for UserID: 6, NoteID: 1
2025-02-10 16:44:52.5966 INFO Email sent to collaborator: crazyspkinfo@gmail.com
2025-02-10 16:44:52.6613 DEBUG SEND rabbitmq://localhost/FunDooNotesEmailQueue ab9d0000-ac5a-f80d-0eea-08dd49c42432 CommonLayer.Models.CollaboratorModel
2025-02-10 16:44:52.6699 INFO RabbitMQ message sent for collaborator: crazyspkinfo@gmail.com
2025-02-10 16:44:52.6699 INFO Executed action method FundooNotesApi.Controllers.CollaboratorController.AddCollaborator (FundooNotesApi), returned result Microsoft.AspNetCore.Mvc.OkObjectResult in 5874.4489ms.
2025-02-10 16:44:52.6699 TRACE Action Filter: Before executing OnActionExecuted on filter Microsoft.AspNetCore.Mvc.Infrastructure.ModelStateInvalidFilter.
2025-02-10 16:44:52.6699 TRACE Action Filter: After executing OnActionExecuted on filter Microsoft.AspNetCore.Mvc.Infrastructure.ModelStateInvalidFilter.
2025-02-10 16:44:52.6699 TRACE Action Filter: Before executing OnActionExecuted on filter Microsoft.AspNetCore.Mvc.ModelBinding.UnsupportedContentTypeFilter.
2025-02-10 16:44:52.6699 TRACE Action Filter: After executing OnActionExecuted on filter Microsoft.AspNetCore.Mvc.ModelBinding.UnsupportedContentTypeFilter.
2025-02-10 16:44:52.6699 TRACE Result Filter: Before executing OnResultExecuting on filter Microsoft.AspNetCore.Mvc.Infrastructure.ClientErrorResultFilter.
2025-02-10 16:44:52.6809 TRACE Result Filter: After executing OnResultExecuting on filter Microsoft.AspNetCore.Mvc.Infrastructure.ClientErrorResultFilter.
2025-02-10 16:44:52.6809 TRACE Before executing action result Microsoft.AspNetCore.Mvc.OkObjectResult.
2025-02-10 16:44:52.6809 DEBUG List of registered output formatters, in the following order: Microsoft.AspNetCore.Mvc.Formatters.HttpNoContentOutputFormatter, Microsoft.AspNetCore.Mvc.Formatters.StringOutputFormatter, Microsoft.AspNetCore.Mvc.Formatters.StreamOutputFormatter, Microsoft.AspNetCore.Mvc.Formatters.SystemTextJsonOutputFormatter
2025-02-10 16:44:52.6809 DEBUG No information found on request to perform content negotiation.
2025-02-10 16:44:52.6809 DEBUG Attempting to select an output formatter without using a content type as no explicit content types were specified for the response.
2025-02-10 16:44:52.6809 DEBUG Attempting to select the first formatter in the output formatters list which can write the result.
2025-02-10 16:44:52.6809 DEBUG Selected output formatter 'Microsoft.AspNetCore.Mvc.Formatters.SystemTextJsonOutputFormatter' and content type 'application/json' to write the response.
2025-02-10 16:44:52.6809 INFO Executing ObjectResult, writing value of type '<>f__AnonymousType1`3[[System.Boolean, System.Private.CoreLib, Version=4.0.0.0, Culture=neutral, PublicKeyToken=7cec85d7bea7798e],[System.String, System.Private.CoreLib, Version=4.0.0.0, Culture=neutral, PublicKeyToken=7cec85d7bea7798e],[RepositoryLayer.Entities.CollaboratorEntity, RepositoryLayer, Version=1.0.0.0, Culture=neutral, PublicKeyToken=null]]'.
2025-02-10 16:44:52.6809 TRACE After executing action result Microsoft.AspNetCore.Mvc.OkObjectResult.
2025-02-10 16:44:52.6809 TRACE Result Filter: Before executing OnResultExecuted on filter Microsoft.AspNetCore.Mvc.Infrastructure.ClientErrorResultFilter.
2025-02-10 16:44:52.6960 TRACE Result Filter: After executing OnResultExecuted on filter Microsoft.AspNetCore.Mvc.Infrastructure.ClientErrorResultFilter.
2025-02-10 16:44:52.6960 INFO Executed action FundooNotesApi.Controllers.CollaboratorController.AddCollaborator (FundooNotesApi) in 5922.5987ms
2025-02-10 16:44:52.6960 INFO Executed endpoint 'FundooNotesApi.Controllers.CollaboratorController.AddCollaborator (FundooNotesApi)'
2025-02-10 16:44:52.6960 DEBUG 'FundooDBContext' disposed.
2025-02-10 16:44:52.6960 INFO Request finished in 5980.5314ms 200 application/json; charset=utf-8
